ARM GAS  /tmp/cc1K5G7m.s 			page 1


   1              		.cpu cortex-m4
   2              		.eabi_attribute 27, 1
   3              		.eabi_attribute 28, 1
   4              		.eabi_attribute 20, 1
   5              		.eabi_attribute 21, 1
   6              		.eabi_attribute 23, 3
   7              		.eabi_attribute 24, 1
   8              		.eabi_attribute 25, 1
   9              		.eabi_attribute 26, 1
  10              		.eabi_attribute 30, 6
  11              		.eabi_attribute 34, 1
  12              		.eabi_attribute 18, 4
  13              		.file	"stm32l4xx_hal_msp.c"
  14              		.text
  15              	.Ltext0:
  16              		.cfi_sections	.debug_frame
  17              		.section	.text.HAL_MspInit,"ax",%progbits
  18              		.align	1
  19              		.global	HAL_MspInit
  20              		.arch armv7e-m
  21              		.syntax unified
  22              		.thumb
  23              		.thumb_func
  24              		.fpu fpv4-sp-d16
  26              	HAL_MspInit:
  27              	.LFB130:
  28              		.file 1 "Src/stm32l4xx_hal_msp.c"
   1:Src/stm32l4xx_hal_msp.c **** /* USER CODE BEGIN Header */
   2:Src/stm32l4xx_hal_msp.c **** /**
   3:Src/stm32l4xx_hal_msp.c ****   ******************************************************************************
   4:Src/stm32l4xx_hal_msp.c ****   * File Name          : stm32l4xx_hal_msp.c
   5:Src/stm32l4xx_hal_msp.c ****   * Description        : This file provides code for the MSP Initialization 
   6:Src/stm32l4xx_hal_msp.c ****   *                      and de-Initialization codes.
   7:Src/stm32l4xx_hal_msp.c ****   ******************************************************************************
   8:Src/stm32l4xx_hal_msp.c ****   * @attention
   9:Src/stm32l4xx_hal_msp.c ****   *
  10:Src/stm32l4xx_hal_msp.c ****   * <h2><center>&copy; Copyright (c) 2020 STMicroelectronics.
  11:Src/stm32l4xx_hal_msp.c ****   * All rights reserved.</center></h2>
  12:Src/stm32l4xx_hal_msp.c ****   *
  13:Src/stm32l4xx_hal_msp.c ****   * This software component is licensed by ST under BSD 3-Clause license,
  14:Src/stm32l4xx_hal_msp.c ****   * the "License"; You may not use this file except in compliance with the
  15:Src/stm32l4xx_hal_msp.c ****   * License. You may obtain a copy of the License at:
  16:Src/stm32l4xx_hal_msp.c ****   *                        opensource.org/licenses/BSD-3-Clause
  17:Src/stm32l4xx_hal_msp.c ****   *
  18:Src/stm32l4xx_hal_msp.c ****   ******************************************************************************
  19:Src/stm32l4xx_hal_msp.c ****   */
  20:Src/stm32l4xx_hal_msp.c **** /* USER CODE END Header */
  21:Src/stm32l4xx_hal_msp.c **** 
  22:Src/stm32l4xx_hal_msp.c **** /* Includes ------------------------------------------------------------------*/
  23:Src/stm32l4xx_hal_msp.c **** #include "main.h"
  24:Src/stm32l4xx_hal_msp.c **** /* USER CODE BEGIN Includes */
  25:Src/stm32l4xx_hal_msp.c **** 
  26:Src/stm32l4xx_hal_msp.c **** /* USER CODE END Includes */
  27:Src/stm32l4xx_hal_msp.c **** 
  28:Src/stm32l4xx_hal_msp.c **** /* Private typedef -----------------------------------------------------------*/
  29:Src/stm32l4xx_hal_msp.c **** /* USER CODE BEGIN TD */
  30:Src/stm32l4xx_hal_msp.c **** 
ARM GAS  /tmp/cc1K5G7m.s 			page 2


  31:Src/stm32l4xx_hal_msp.c **** /* USER CODE END TD */
  32:Src/stm32l4xx_hal_msp.c **** 
  33:Src/stm32l4xx_hal_msp.c **** /* Private define ------------------------------------------------------------*/
  34:Src/stm32l4xx_hal_msp.c **** /* USER CODE BEGIN Define */
  35:Src/stm32l4xx_hal_msp.c ****  
  36:Src/stm32l4xx_hal_msp.c **** /* USER CODE END Define */
  37:Src/stm32l4xx_hal_msp.c **** 
  38:Src/stm32l4xx_hal_msp.c **** /* Private macro -------------------------------------------------------------*/
  39:Src/stm32l4xx_hal_msp.c **** /* USER CODE BEGIN Macro */
  40:Src/stm32l4xx_hal_msp.c **** 
  41:Src/stm32l4xx_hal_msp.c **** /* USER CODE END Macro */
  42:Src/stm32l4xx_hal_msp.c **** 
  43:Src/stm32l4xx_hal_msp.c **** /* Private variables ---------------------------------------------------------*/
  44:Src/stm32l4xx_hal_msp.c **** /* USER CODE BEGIN PV */
  45:Src/stm32l4xx_hal_msp.c **** 
  46:Src/stm32l4xx_hal_msp.c **** /* USER CODE END PV */
  47:Src/stm32l4xx_hal_msp.c **** 
  48:Src/stm32l4xx_hal_msp.c **** /* Private function prototypes -----------------------------------------------*/
  49:Src/stm32l4xx_hal_msp.c **** /* USER CODE BEGIN PFP */
  50:Src/stm32l4xx_hal_msp.c **** 
  51:Src/stm32l4xx_hal_msp.c **** /* USER CODE END PFP */
  52:Src/stm32l4xx_hal_msp.c **** 
  53:Src/stm32l4xx_hal_msp.c **** /* External functions --------------------------------------------------------*/
  54:Src/stm32l4xx_hal_msp.c **** /* USER CODE BEGIN ExternalFunctions */
  55:Src/stm32l4xx_hal_msp.c **** 
  56:Src/stm32l4xx_hal_msp.c **** /* USER CODE END ExternalFunctions */
  57:Src/stm32l4xx_hal_msp.c **** 
  58:Src/stm32l4xx_hal_msp.c **** /* USER CODE BEGIN 0 */
  59:Src/stm32l4xx_hal_msp.c **** 
  60:Src/stm32l4xx_hal_msp.c **** /* USER CODE END 0 */
  61:Src/stm32l4xx_hal_msp.c **** /**
  62:Src/stm32l4xx_hal_msp.c ****   * Initializes the Global MSP.
  63:Src/stm32l4xx_hal_msp.c ****   */
  64:Src/stm32l4xx_hal_msp.c **** void HAL_MspInit(void)
  65:Src/stm32l4xx_hal_msp.c **** {
  29              		.loc 1 65 1
  30              		.cfi_startproc
  31              		@ args = 0, pretend = 0, frame = 8
  32              		@ frame_needed = 1, uses_anonymous_args = 0
  33              		@ link register save eliminated.
  34 0000 80B4     		push	{r7}
  35              	.LCFI0:
  36              		.cfi_def_cfa_offset 4
  37              		.cfi_offset 7, -4
  38 0002 83B0     		sub	sp, sp, #12
  39              	.LCFI1:
  40              		.cfi_def_cfa_offset 16
  41 0004 00AF     		add	r7, sp, #0
  42              	.LCFI2:
  43              		.cfi_def_cfa_register 7
  44              	.LBB2:
  66:Src/stm32l4xx_hal_msp.c ****   /* USER CODE BEGIN MspInit 0 */
  67:Src/stm32l4xx_hal_msp.c **** 
  68:Src/stm32l4xx_hal_msp.c ****   /* USER CODE END MspInit 0 */
  69:Src/stm32l4xx_hal_msp.c **** 
  70:Src/stm32l4xx_hal_msp.c ****   __HAL_RCC_SYSCFG_CLK_ENABLE();
  45              		.loc 1 70 3
ARM GAS  /tmp/cc1K5G7m.s 			page 3


  46 0006 0F4B     		ldr	r3, .L2
  47 0008 1B6E     		ldr	r3, [r3, #96]
  48 000a 0E4A     		ldr	r2, .L2
  49 000c 43F00103 		orr	r3, r3, #1
  50 0010 1366     		str	r3, [r2, #96]
  51 0012 0C4B     		ldr	r3, .L2
  52 0014 1B6E     		ldr	r3, [r3, #96]
  53 0016 03F00103 		and	r3, r3, #1
  54 001a 7B60     		str	r3, [r7, #4]
  55 001c 7B68     		ldr	r3, [r7, #4]
  56              	.LBE2:
  57              	.LBB3:
  71:Src/stm32l4xx_hal_msp.c ****   __HAL_RCC_PWR_CLK_ENABLE();
  58              		.loc 1 71 3
  59 001e 094B     		ldr	r3, .L2
  60 0020 9B6D     		ldr	r3, [r3, #88]
  61 0022 084A     		ldr	r2, .L2
  62 0024 43F08053 		orr	r3, r3, #268435456
  63 0028 9365     		str	r3, [r2, #88]
  64 002a 064B     		ldr	r3, .L2
  65 002c 9B6D     		ldr	r3, [r3, #88]
  66 002e 03F08053 		and	r3, r3, #268435456
  67 0032 3B60     		str	r3, [r7]
  68 0034 3B68     		ldr	r3, [r7]
  69              	.LBE3:
  72:Src/stm32l4xx_hal_msp.c **** 
  73:Src/stm32l4xx_hal_msp.c ****   /* System interrupt init*/
  74:Src/stm32l4xx_hal_msp.c **** 
  75:Src/stm32l4xx_hal_msp.c ****   /* USER CODE BEGIN MspInit 1 */
  76:Src/stm32l4xx_hal_msp.c **** 
  77:Src/stm32l4xx_hal_msp.c ****   /* USER CODE END MspInit 1 */
  78:Src/stm32l4xx_hal_msp.c **** }
  70              		.loc 1 78 1
  71 0036 00BF     		nop
  72 0038 0C37     		adds	r7, r7, #12
  73              	.LCFI3:
  74              		.cfi_def_cfa_offset 4
  75 003a BD46     		mov	sp, r7
  76              	.LCFI4:
  77              		.cfi_def_cfa_register 13
  78              		@ sp needed
  79 003c 5DF8047B 		ldr	r7, [sp], #4
  80              	.LCFI5:
  81              		.cfi_restore 7
  82              		.cfi_def_cfa_offset 0
  83 0040 7047     		bx	lr
  84              	.L3:
  85 0042 00BF     		.align	2
  86              	.L2:
  87 0044 00100240 		.word	1073876992
  88              		.cfi_endproc
  89              	.LFE130:
  91              		.section	.text.HAL_I2C_MspInit,"ax",%progbits
  92              		.align	1
  93              		.global	HAL_I2C_MspInit
  94              		.syntax unified
  95              		.thumb
ARM GAS  /tmp/cc1K5G7m.s 			page 4


  96              		.thumb_func
  97              		.fpu fpv4-sp-d16
  99              	HAL_I2C_MspInit:
 100              	.LFB131:
  79:Src/stm32l4xx_hal_msp.c **** 
  80:Src/stm32l4xx_hal_msp.c **** /**
  81:Src/stm32l4xx_hal_msp.c **** * @brief I2C MSP Initialization
  82:Src/stm32l4xx_hal_msp.c **** * This function configures the hardware resources used in this example
  83:Src/stm32l4xx_hal_msp.c **** * @param hi2c: I2C handle pointer
  84:Src/stm32l4xx_hal_msp.c **** * @retval None
  85:Src/stm32l4xx_hal_msp.c **** */
  86:Src/stm32l4xx_hal_msp.c **** void HAL_I2C_MspInit(I2C_HandleTypeDef* hi2c)
  87:Src/stm32l4xx_hal_msp.c **** {
 101              		.loc 1 87 1
 102              		.cfi_startproc
 103              		@ args = 0, pretend = 0, frame = 48
 104              		@ frame_needed = 1, uses_anonymous_args = 0
 105 0000 80B5     		push	{r7, lr}
 106              	.LCFI6:
 107              		.cfi_def_cfa_offset 8
 108              		.cfi_offset 7, -8
 109              		.cfi_offset 14, -4
 110 0002 8CB0     		sub	sp, sp, #48
 111              	.LCFI7:
 112              		.cfi_def_cfa_offset 56
 113 0004 00AF     		add	r7, sp, #0
 114              	.LCFI8:
 115              		.cfi_def_cfa_register 7
 116 0006 7860     		str	r0, [r7, #4]
  88:Src/stm32l4xx_hal_msp.c ****   GPIO_InitTypeDef GPIO_InitStruct = {0};
 117              		.loc 1 88 20
 118 0008 07F11C03 		add	r3, r7, #28
 119 000c 0022     		movs	r2, #0
 120 000e 1A60     		str	r2, [r3]
 121 0010 5A60     		str	r2, [r3, #4]
 122 0012 9A60     		str	r2, [r3, #8]
 123 0014 DA60     		str	r2, [r3, #12]
 124 0016 1A61     		str	r2, [r3, #16]
  89:Src/stm32l4xx_hal_msp.c ****   if(hi2c->Instance==I2C1)
 125              		.loc 1 89 10
 126 0018 7B68     		ldr	r3, [r7, #4]
 127 001a 1B68     		ldr	r3, [r3]
 128              		.loc 1 89 5
 129 001c 2E4A     		ldr	r2, .L8
 130 001e 9342     		cmp	r3, r2
 131 0020 29D1     		bne	.L5
 132              	.LBB4:
  90:Src/stm32l4xx_hal_msp.c ****   {
  91:Src/stm32l4xx_hal_msp.c ****   /* USER CODE BEGIN I2C1_MspInit 0 */
  92:Src/stm32l4xx_hal_msp.c **** 
  93:Src/stm32l4xx_hal_msp.c ****   /* USER CODE END I2C1_MspInit 0 */
  94:Src/stm32l4xx_hal_msp.c ****   
  95:Src/stm32l4xx_hal_msp.c ****     __HAL_RCC_GPIOB_CLK_ENABLE();
 133              		.loc 1 95 5
 134 0022 2E4B     		ldr	r3, .L8+4
 135 0024 DB6C     		ldr	r3, [r3, #76]
 136 0026 2D4A     		ldr	r2, .L8+4
ARM GAS  /tmp/cc1K5G7m.s 			page 5


 137 0028 43F00203 		orr	r3, r3, #2
 138 002c D364     		str	r3, [r2, #76]
 139 002e 2B4B     		ldr	r3, .L8+4
 140 0030 DB6C     		ldr	r3, [r3, #76]
 141 0032 03F00203 		and	r3, r3, #2
 142 0036 BB61     		str	r3, [r7, #24]
 143 0038 BB69     		ldr	r3, [r7, #24]
 144              	.LBE4:
  96:Src/stm32l4xx_hal_msp.c ****     /**I2C1 GPIO Configuration    
  97:Src/stm32l4xx_hal_msp.c ****     PB8     ------> I2C1_SCL
  98:Src/stm32l4xx_hal_msp.c ****     PB9     ------> I2C1_SDA 
  99:Src/stm32l4xx_hal_msp.c ****     */
 100:Src/stm32l4xx_hal_msp.c ****     GPIO_InitStruct.Pin = GPIO_PIN_8|GPIO_PIN_9;
 145              		.loc 1 100 25
 146 003a 4FF44073 		mov	r3, #768
 147 003e FB61     		str	r3, [r7, #28]
 101:Src/stm32l4xx_hal_msp.c ****     GPIO_InitStruct.Mode = GPIO_MODE_AF_OD;
 148              		.loc 1 101 26
 149 0040 1223     		movs	r3, #18
 150 0042 3B62     		str	r3, [r7, #32]
 102:Src/stm32l4xx_hal_msp.c ****     GPIO_InitStruct.Pull = GPIO_PULLUP;
 151              		.loc 1 102 26
 152 0044 0123     		movs	r3, #1
 153 0046 7B62     		str	r3, [r7, #36]
 103:Src/stm32l4xx_hal_msp.c ****     GPIO_InitStruct.Speed = GPIO_SPEED_FREQ_VERY_HIGH;
 154              		.loc 1 103 27
 155 0048 0323     		movs	r3, #3
 156 004a BB62     		str	r3, [r7, #40]
 104:Src/stm32l4xx_hal_msp.c ****     GPIO_InitStruct.Alternate = GPIO_AF4_I2C1;
 157              		.loc 1 104 31
 158 004c 0423     		movs	r3, #4
 159 004e FB62     		str	r3, [r7, #44]
 105:Src/stm32l4xx_hal_msp.c ****     HAL_GPIO_Init(GPIOB, &GPIO_InitStruct);
 160              		.loc 1 105 5
 161 0050 07F11C03 		add	r3, r7, #28
 162 0054 1946     		mov	r1, r3
 163 0056 2248     		ldr	r0, .L8+8
 164 0058 FFF7FEFF 		bl	HAL_GPIO_Init
 165              	.LBB5:
 106:Src/stm32l4xx_hal_msp.c **** 
 107:Src/stm32l4xx_hal_msp.c ****     /* Peripheral clock enable */
 108:Src/stm32l4xx_hal_msp.c ****     __HAL_RCC_I2C1_CLK_ENABLE();
 166              		.loc 1 108 5
 167 005c 1F4B     		ldr	r3, .L8+4
 168 005e 9B6D     		ldr	r3, [r3, #88]
 169 0060 1E4A     		ldr	r2, .L8+4
 170 0062 43F40013 		orr	r3, r3, #2097152
 171 0066 9365     		str	r3, [r2, #88]
 172 0068 1C4B     		ldr	r3, .L8+4
 173 006a 9B6D     		ldr	r3, [r3, #88]
 174 006c 03F40013 		and	r3, r3, #2097152
 175 0070 7B61     		str	r3, [r7, #20]
 176 0072 7B69     		ldr	r3, [r7, #20]
 177              	.LBE5:
 109:Src/stm32l4xx_hal_msp.c ****   /* USER CODE BEGIN I2C1_MspInit 1 */
 110:Src/stm32l4xx_hal_msp.c **** 
 111:Src/stm32l4xx_hal_msp.c ****   /* USER CODE END I2C1_MspInit 1 */
ARM GAS  /tmp/cc1K5G7m.s 			page 6


 112:Src/stm32l4xx_hal_msp.c ****   }
 113:Src/stm32l4xx_hal_msp.c ****   else if(hi2c->Instance==I2C3)
 114:Src/stm32l4xx_hal_msp.c ****   {
 115:Src/stm32l4xx_hal_msp.c ****   /* USER CODE BEGIN I2C3_MspInit 0 */
 116:Src/stm32l4xx_hal_msp.c **** 
 117:Src/stm32l4xx_hal_msp.c ****   /* USER CODE END I2C3_MspInit 0 */
 118:Src/stm32l4xx_hal_msp.c ****   
 119:Src/stm32l4xx_hal_msp.c ****     __HAL_RCC_GPIOC_CLK_ENABLE();
 120:Src/stm32l4xx_hal_msp.c ****     /**I2C3 GPIO Configuration    
 121:Src/stm32l4xx_hal_msp.c ****     PC0     ------> I2C3_SCL
 122:Src/stm32l4xx_hal_msp.c ****     PC1     ------> I2C3_SDA 
 123:Src/stm32l4xx_hal_msp.c ****     */
 124:Src/stm32l4xx_hal_msp.c ****     GPIO_InitStruct.Pin = GPIO_PIN_0|GPIO_PIN_1;
 125:Src/stm32l4xx_hal_msp.c ****     GPIO_InitStruct.Mode = GPIO_MODE_AF_OD;
 126:Src/stm32l4xx_hal_msp.c ****     GPIO_InitStruct.Pull = GPIO_PULLUP;
 127:Src/stm32l4xx_hal_msp.c ****     GPIO_InitStruct.Speed = GPIO_SPEED_FREQ_VERY_HIGH;
 128:Src/stm32l4xx_hal_msp.c ****     GPIO_InitStruct.Alternate = GPIO_AF4_I2C3;
 129:Src/stm32l4xx_hal_msp.c ****     HAL_GPIO_Init(GPIOC, &GPIO_InitStruct);
 130:Src/stm32l4xx_hal_msp.c **** 
 131:Src/stm32l4xx_hal_msp.c ****     /* Peripheral clock enable */
 132:Src/stm32l4xx_hal_msp.c ****     __HAL_RCC_I2C3_CLK_ENABLE();
 133:Src/stm32l4xx_hal_msp.c ****   /* USER CODE BEGIN I2C3_MspInit 1 */
 134:Src/stm32l4xx_hal_msp.c **** 
 135:Src/stm32l4xx_hal_msp.c ****   /* USER CODE END I2C3_MspInit 1 */
 136:Src/stm32l4xx_hal_msp.c ****   }
 137:Src/stm32l4xx_hal_msp.c **** 
 138:Src/stm32l4xx_hal_msp.c **** }
 178              		.loc 1 138 1
 179 0074 2CE0     		b	.L7
 180              	.L5:
 113:Src/stm32l4xx_hal_msp.c ****   {
 181              		.loc 1 113 15
 182 0076 7B68     		ldr	r3, [r7, #4]
 183 0078 1B68     		ldr	r3, [r3]
 113:Src/stm32l4xx_hal_msp.c ****   {
 184              		.loc 1 113 10
 185 007a 1A4A     		ldr	r2, .L8+12
 186 007c 9342     		cmp	r3, r2
 187 007e 27D1     		bne	.L7
 188              	.LBB6:
 119:Src/stm32l4xx_hal_msp.c ****     /**I2C3 GPIO Configuration    
 189              		.loc 1 119 5
 190 0080 164B     		ldr	r3, .L8+4
 191 0082 DB6C     		ldr	r3, [r3, #76]
 192 0084 154A     		ldr	r2, .L8+4
 193 0086 43F00403 		orr	r3, r3, #4
 194 008a D364     		str	r3, [r2, #76]
 195 008c 134B     		ldr	r3, .L8+4
 196 008e DB6C     		ldr	r3, [r3, #76]
 197 0090 03F00403 		and	r3, r3, #4
 198 0094 3B61     		str	r3, [r7, #16]
 199 0096 3B69     		ldr	r3, [r7, #16]
 200              	.LBE6:
 124:Src/stm32l4xx_hal_msp.c ****     GPIO_InitStruct.Mode = GPIO_MODE_AF_OD;
 201              		.loc 1 124 25
 202 0098 0323     		movs	r3, #3
 203 009a FB61     		str	r3, [r7, #28]
ARM GAS  /tmp/cc1K5G7m.s 			page 7


 125:Src/stm32l4xx_hal_msp.c ****     GPIO_InitStruct.Pull = GPIO_PULLUP;
 204              		.loc 1 125 26
 205 009c 1223     		movs	r3, #18
 206 009e 3B62     		str	r3, [r7, #32]
 126:Src/stm32l4xx_hal_msp.c ****     GPIO_InitStruct.Speed = GPIO_SPEED_FREQ_VERY_HIGH;
 207              		.loc 1 126 26
 208 00a0 0123     		movs	r3, #1
 209 00a2 7B62     		str	r3, [r7, #36]
 127:Src/stm32l4xx_hal_msp.c ****     GPIO_InitStruct.Alternate = GPIO_AF4_I2C3;
 210              		.loc 1 127 27
 211 00a4 0323     		movs	r3, #3
 212 00a6 BB62     		str	r3, [r7, #40]
 128:Src/stm32l4xx_hal_msp.c ****     HAL_GPIO_Init(GPIOC, &GPIO_InitStruct);
 213              		.loc 1 128 31
 214 00a8 0423     		movs	r3, #4
 215 00aa FB62     		str	r3, [r7, #44]
 129:Src/stm32l4xx_hal_msp.c **** 
 216              		.loc 1 129 5
 217 00ac 07F11C03 		add	r3, r7, #28
 218 00b0 1946     		mov	r1, r3
 219 00b2 0D48     		ldr	r0, .L8+16
 220 00b4 FFF7FEFF 		bl	HAL_GPIO_Init
 221              	.LBB7:
 132:Src/stm32l4xx_hal_msp.c ****   /* USER CODE BEGIN I2C3_MspInit 1 */
 222              		.loc 1 132 5
 223 00b8 084B     		ldr	r3, .L8+4
 224 00ba 9B6D     		ldr	r3, [r3, #88]
 225 00bc 074A     		ldr	r2, .L8+4
 226 00be 43F40003 		orr	r3, r3, #8388608
 227 00c2 9365     		str	r3, [r2, #88]
 228 00c4 054B     		ldr	r3, .L8+4
 229 00c6 9B6D     		ldr	r3, [r3, #88]
 230 00c8 03F40003 		and	r3, r3, #8388608
 231 00cc FB60     		str	r3, [r7, #12]
 232 00ce FB68     		ldr	r3, [r7, #12]
 233              	.L7:
 234              	.LBE7:
 235              		.loc 1 138 1
 236 00d0 00BF     		nop
 237 00d2 3037     		adds	r7, r7, #48
 238              	.LCFI9:
 239              		.cfi_def_cfa_offset 8
 240 00d4 BD46     		mov	sp, r7
 241              	.LCFI10:
 242              		.cfi_def_cfa_register 13
 243              		@ sp needed
 244 00d6 80BD     		pop	{r7, pc}
 245              	.L9:
 246              		.align	2
 247              	.L8:
 248 00d8 00540040 		.word	1073763328
 249 00dc 00100240 		.word	1073876992
 250 00e0 00040048 		.word	1207960576
 251 00e4 005C0040 		.word	1073765376
 252 00e8 00080048 		.word	1207961600
 253              		.cfi_endproc
 254              	.LFE131:
ARM GAS  /tmp/cc1K5G7m.s 			page 8


 256              		.section	.text.HAL_I2C_MspDeInit,"ax",%progbits
 257              		.align	1
 258              		.global	HAL_I2C_MspDeInit
 259              		.syntax unified
 260              		.thumb
 261              		.thumb_func
 262              		.fpu fpv4-sp-d16
 264              	HAL_I2C_MspDeInit:
 265              	.LFB132:
 139:Src/stm32l4xx_hal_msp.c **** 
 140:Src/stm32l4xx_hal_msp.c **** /**
 141:Src/stm32l4xx_hal_msp.c **** * @brief I2C MSP De-Initialization
 142:Src/stm32l4xx_hal_msp.c **** * This function freeze the hardware resources used in this example
 143:Src/stm32l4xx_hal_msp.c **** * @param hi2c: I2C handle pointer
 144:Src/stm32l4xx_hal_msp.c **** * @retval None
 145:Src/stm32l4xx_hal_msp.c **** */
 146:Src/stm32l4xx_hal_msp.c **** void HAL_I2C_MspDeInit(I2C_HandleTypeDef* hi2c)
 147:Src/stm32l4xx_hal_msp.c **** {
 266              		.loc 1 147 1
 267              		.cfi_startproc
 268              		@ args = 0, pretend = 0, frame = 8
 269              		@ frame_needed = 1, uses_anonymous_args = 0
 270 0000 80B5     		push	{r7, lr}
 271              	.LCFI11:
 272              		.cfi_def_cfa_offset 8
 273              		.cfi_offset 7, -8
 274              		.cfi_offset 14, -4
 275 0002 82B0     		sub	sp, sp, #8
 276              	.LCFI12:
 277              		.cfi_def_cfa_offset 16
 278 0004 00AF     		add	r7, sp, #0
 279              	.LCFI13:
 280              		.cfi_def_cfa_register 7
 281 0006 7860     		str	r0, [r7, #4]
 148:Src/stm32l4xx_hal_msp.c ****   if(hi2c->Instance==I2C1)
 282              		.loc 1 148 10
 283 0008 7B68     		ldr	r3, [r7, #4]
 284 000a 1B68     		ldr	r3, [r3]
 285              		.loc 1 148 5
 286 000c 104A     		ldr	r2, .L14
 287 000e 9342     		cmp	r3, r2
 288 0010 0BD1     		bne	.L11
 149:Src/stm32l4xx_hal_msp.c ****   {
 150:Src/stm32l4xx_hal_msp.c ****   /* USER CODE BEGIN I2C1_MspDeInit 0 */
 151:Src/stm32l4xx_hal_msp.c **** 
 152:Src/stm32l4xx_hal_msp.c ****   /* USER CODE END I2C1_MspDeInit 0 */
 153:Src/stm32l4xx_hal_msp.c ****     /* Peripheral clock disable */
 154:Src/stm32l4xx_hal_msp.c ****     __HAL_RCC_I2C1_CLK_DISABLE();
 289              		.loc 1 154 5
 290 0012 104B     		ldr	r3, .L14+4
 291 0014 9B6D     		ldr	r3, [r3, #88]
 292 0016 0F4A     		ldr	r2, .L14+4
 293 0018 23F40013 		bic	r3, r3, #2097152
 294 001c 9365     		str	r3, [r2, #88]
 155:Src/stm32l4xx_hal_msp.c ****   
 156:Src/stm32l4xx_hal_msp.c ****     /**I2C1 GPIO Configuration    
 157:Src/stm32l4xx_hal_msp.c ****     PB8     ------> I2C1_SCL
ARM GAS  /tmp/cc1K5G7m.s 			page 9


 158:Src/stm32l4xx_hal_msp.c ****     PB9     ------> I2C1_SDA 
 159:Src/stm32l4xx_hal_msp.c ****     */
 160:Src/stm32l4xx_hal_msp.c ****     HAL_GPIO_DeInit(GPIOB, GPIO_PIN_8|GPIO_PIN_9);
 295              		.loc 1 160 5
 296 001e 4FF44071 		mov	r1, #768
 297 0022 0D48     		ldr	r0, .L14+8
 298 0024 FFF7FEFF 		bl	HAL_GPIO_DeInit
 161:Src/stm32l4xx_hal_msp.c **** 
 162:Src/stm32l4xx_hal_msp.c ****   /* USER CODE BEGIN I2C1_MspDeInit 1 */
 163:Src/stm32l4xx_hal_msp.c **** 
 164:Src/stm32l4xx_hal_msp.c ****   /* USER CODE END I2C1_MspDeInit 1 */
 165:Src/stm32l4xx_hal_msp.c ****   }
 166:Src/stm32l4xx_hal_msp.c ****   else if(hi2c->Instance==I2C3)
 167:Src/stm32l4xx_hal_msp.c ****   {
 168:Src/stm32l4xx_hal_msp.c ****   /* USER CODE BEGIN I2C3_MspDeInit 0 */
 169:Src/stm32l4xx_hal_msp.c **** 
 170:Src/stm32l4xx_hal_msp.c ****   /* USER CODE END I2C3_MspDeInit 0 */
 171:Src/stm32l4xx_hal_msp.c ****     /* Peripheral clock disable */
 172:Src/stm32l4xx_hal_msp.c ****     __HAL_RCC_I2C3_CLK_DISABLE();
 173:Src/stm32l4xx_hal_msp.c ****   
 174:Src/stm32l4xx_hal_msp.c ****     /**I2C3 GPIO Configuration    
 175:Src/stm32l4xx_hal_msp.c ****     PC0     ------> I2C3_SCL
 176:Src/stm32l4xx_hal_msp.c ****     PC1     ------> I2C3_SDA 
 177:Src/stm32l4xx_hal_msp.c ****     */
 178:Src/stm32l4xx_hal_msp.c ****     HAL_GPIO_DeInit(GPIOC, GPIO_PIN_0|GPIO_PIN_1);
 179:Src/stm32l4xx_hal_msp.c **** 
 180:Src/stm32l4xx_hal_msp.c ****   /* USER CODE BEGIN I2C3_MspDeInit 1 */
 181:Src/stm32l4xx_hal_msp.c **** 
 182:Src/stm32l4xx_hal_msp.c ****   /* USER CODE END I2C3_MspDeInit 1 */
 183:Src/stm32l4xx_hal_msp.c ****   }
 184:Src/stm32l4xx_hal_msp.c **** 
 185:Src/stm32l4xx_hal_msp.c **** }
 299              		.loc 1 185 1
 300 0028 0EE0     		b	.L13
 301              	.L11:
 166:Src/stm32l4xx_hal_msp.c ****   {
 302              		.loc 1 166 15
 303 002a 7B68     		ldr	r3, [r7, #4]
 304 002c 1B68     		ldr	r3, [r3]
 166:Src/stm32l4xx_hal_msp.c ****   {
 305              		.loc 1 166 10
 306 002e 0B4A     		ldr	r2, .L14+12
 307 0030 9342     		cmp	r3, r2
 308 0032 09D1     		bne	.L13
 172:Src/stm32l4xx_hal_msp.c ****   
 309              		.loc 1 172 5
 310 0034 074B     		ldr	r3, .L14+4
 311 0036 9B6D     		ldr	r3, [r3, #88]
 312 0038 064A     		ldr	r2, .L14+4
 313 003a 23F40003 		bic	r3, r3, #8388608
 314 003e 9365     		str	r3, [r2, #88]
 178:Src/stm32l4xx_hal_msp.c **** 
 315              		.loc 1 178 5
 316 0040 0321     		movs	r1, #3
 317 0042 0748     		ldr	r0, .L14+16
 318 0044 FFF7FEFF 		bl	HAL_GPIO_DeInit
 319              	.L13:
ARM GAS  /tmp/cc1K5G7m.s 			page 10


 320              		.loc 1 185 1
 321 0048 00BF     		nop
 322 004a 0837     		adds	r7, r7, #8
 323              	.LCFI14:
 324              		.cfi_def_cfa_offset 8
 325 004c BD46     		mov	sp, r7
 326              	.LCFI15:
 327              		.cfi_def_cfa_register 13
 328              		@ sp needed
 329 004e 80BD     		pop	{r7, pc}
 330              	.L15:
 331              		.align	2
 332              	.L14:
 333 0050 00540040 		.word	1073763328
 334 0054 00100240 		.word	1073876992
 335 0058 00040048 		.word	1207960576
 336 005c 005C0040 		.word	1073765376
 337 0060 00080048 		.word	1207961600
 338              		.cfi_endproc
 339              	.LFE132:
 341              		.section	.text.HAL_SPI_MspInit,"ax",%progbits
 342              		.align	1
 343              		.global	HAL_SPI_MspInit
 344              		.syntax unified
 345              		.thumb
 346              		.thumb_func
 347              		.fpu fpv4-sp-d16
 349              	HAL_SPI_MspInit:
 350              	.LFB133:
 186:Src/stm32l4xx_hal_msp.c **** 
 187:Src/stm32l4xx_hal_msp.c **** /**
 188:Src/stm32l4xx_hal_msp.c **** * @brief SPI MSP Initialization
 189:Src/stm32l4xx_hal_msp.c **** * This function configures the hardware resources used in this example
 190:Src/stm32l4xx_hal_msp.c **** * @param hspi: SPI handle pointer
 191:Src/stm32l4xx_hal_msp.c **** * @retval None
 192:Src/stm32l4xx_hal_msp.c **** */
 193:Src/stm32l4xx_hal_msp.c **** void HAL_SPI_MspInit(SPI_HandleTypeDef* hspi)
 194:Src/stm32l4xx_hal_msp.c **** {
 351              		.loc 1 194 1
 352              		.cfi_startproc
 353              		@ args = 0, pretend = 0, frame = 48
 354              		@ frame_needed = 1, uses_anonymous_args = 0
 355 0000 80B5     		push	{r7, lr}
 356              	.LCFI16:
 357              		.cfi_def_cfa_offset 8
 358              		.cfi_offset 7, -8
 359              		.cfi_offset 14, -4
 360 0002 8CB0     		sub	sp, sp, #48
 361              	.LCFI17:
 362              		.cfi_def_cfa_offset 56
 363 0004 00AF     		add	r7, sp, #0
 364              	.LCFI18:
 365              		.cfi_def_cfa_register 7
 366 0006 7860     		str	r0, [r7, #4]
 195:Src/stm32l4xx_hal_msp.c ****   GPIO_InitTypeDef GPIO_InitStruct = {0};
 367              		.loc 1 195 20
 368 0008 07F11C03 		add	r3, r7, #28
ARM GAS  /tmp/cc1K5G7m.s 			page 11


 369 000c 0022     		movs	r2, #0
 370 000e 1A60     		str	r2, [r3]
 371 0010 5A60     		str	r2, [r3, #4]
 372 0012 9A60     		str	r2, [r3, #8]
 373 0014 DA60     		str	r2, [r3, #12]
 374 0016 1A61     		str	r2, [r3, #16]
 196:Src/stm32l4xx_hal_msp.c ****   if(hspi->Instance==SPI1)
 375              		.loc 1 196 10
 376 0018 7B68     		ldr	r3, [r7, #4]
 377 001a 1B68     		ldr	r3, [r3]
 378              		.loc 1 196 5
 379 001c 2F4A     		ldr	r2, .L20
 380 001e 9342     		cmp	r3, r2
 381 0020 29D1     		bne	.L17
 382              	.LBB8:
 197:Src/stm32l4xx_hal_msp.c ****   {
 198:Src/stm32l4xx_hal_msp.c ****   /* USER CODE BEGIN SPI1_MspInit 0 */
 199:Src/stm32l4xx_hal_msp.c **** 
 200:Src/stm32l4xx_hal_msp.c ****   /* USER CODE END SPI1_MspInit 0 */
 201:Src/stm32l4xx_hal_msp.c ****     /* Peripheral clock enable */
 202:Src/stm32l4xx_hal_msp.c ****     __HAL_RCC_SPI1_CLK_ENABLE();
 383              		.loc 1 202 5
 384 0022 2F4B     		ldr	r3, .L20+4
 385 0024 1B6E     		ldr	r3, [r3, #96]
 386 0026 2E4A     		ldr	r2, .L20+4
 387 0028 43F48053 		orr	r3, r3, #4096
 388 002c 1366     		str	r3, [r2, #96]
 389 002e 2C4B     		ldr	r3, .L20+4
 390 0030 1B6E     		ldr	r3, [r3, #96]
 391 0032 03F48053 		and	r3, r3, #4096
 392 0036 BB61     		str	r3, [r7, #24]
 393 0038 BB69     		ldr	r3, [r7, #24]
 394              	.LBE8:
 395              	.LBB9:
 203:Src/stm32l4xx_hal_msp.c ****   
 204:Src/stm32l4xx_hal_msp.c ****     __HAL_RCC_GPIOA_CLK_ENABLE();
 396              		.loc 1 204 5
 397 003a 294B     		ldr	r3, .L20+4
 398 003c DB6C     		ldr	r3, [r3, #76]
 399 003e 284A     		ldr	r2, .L20+4
 400 0040 43F00103 		orr	r3, r3, #1
 401 0044 D364     		str	r3, [r2, #76]
 402 0046 264B     		ldr	r3, .L20+4
 403 0048 DB6C     		ldr	r3, [r3, #76]
 404 004a 03F00103 		and	r3, r3, #1
 405 004e 7B61     		str	r3, [r7, #20]
 406 0050 7B69     		ldr	r3, [r7, #20]
 407              	.LBE9:
 205:Src/stm32l4xx_hal_msp.c ****     /**SPI1 GPIO Configuration    
 206:Src/stm32l4xx_hal_msp.c ****     PA4     ------> SPI1_NSS
 207:Src/stm32l4xx_hal_msp.c ****     PA5     ------> SPI1_SCK
 208:Src/stm32l4xx_hal_msp.c ****     PA6     ------> SPI1_MISO
 209:Src/stm32l4xx_hal_msp.c ****     PA7     ------> SPI1_MOSI 
 210:Src/stm32l4xx_hal_msp.c ****     */
 211:Src/stm32l4xx_hal_msp.c ****     GPIO_InitStruct.Pin = GPIO_PIN_4|GPIO_PIN_5|GPIO_PIN_6|GPIO_PIN_7;
 408              		.loc 1 211 25
 409 0052 F023     		movs	r3, #240
ARM GAS  /tmp/cc1K5G7m.s 			page 12


 410 0054 FB61     		str	r3, [r7, #28]
 212:Src/stm32l4xx_hal_msp.c ****     GPIO_InitStruct.Mode = GPIO_MODE_AF_PP;
 411              		.loc 1 212 26
 412 0056 0223     		movs	r3, #2
 413 0058 3B62     		str	r3, [r7, #32]
 213:Src/stm32l4xx_hal_msp.c ****     GPIO_InitStruct.Pull = GPIO_NOPULL;
 414              		.loc 1 213 26
 415 005a 0023     		movs	r3, #0
 416 005c 7B62     		str	r3, [r7, #36]
 214:Src/stm32l4xx_hal_msp.c ****     GPIO_InitStruct.Speed = GPIO_SPEED_FREQ_VERY_HIGH;
 417              		.loc 1 214 27
 418 005e 0323     		movs	r3, #3
 419 0060 BB62     		str	r3, [r7, #40]
 215:Src/stm32l4xx_hal_msp.c ****     GPIO_InitStruct.Alternate = GPIO_AF5_SPI1;
 420              		.loc 1 215 31
 421 0062 0523     		movs	r3, #5
 422 0064 FB62     		str	r3, [r7, #44]
 216:Src/stm32l4xx_hal_msp.c ****     HAL_GPIO_Init(GPIOA, &GPIO_InitStruct);
 423              		.loc 1 216 5
 424 0066 07F11C03 		add	r3, r7, #28
 425 006a 1946     		mov	r1, r3
 426 006c 4FF09040 		mov	r0, #1207959552
 427 0070 FFF7FEFF 		bl	HAL_GPIO_Init
 217:Src/stm32l4xx_hal_msp.c **** 
 218:Src/stm32l4xx_hal_msp.c ****   /* USER CODE BEGIN SPI1_MspInit 1 */
 219:Src/stm32l4xx_hal_msp.c **** 
 220:Src/stm32l4xx_hal_msp.c ****   /* USER CODE END SPI1_MspInit 1 */
 221:Src/stm32l4xx_hal_msp.c ****   }
 222:Src/stm32l4xx_hal_msp.c ****   else if(hspi->Instance==SPI2)
 223:Src/stm32l4xx_hal_msp.c ****   {
 224:Src/stm32l4xx_hal_msp.c ****   /* USER CODE BEGIN SPI2_MspInit 0 */
 225:Src/stm32l4xx_hal_msp.c **** 
 226:Src/stm32l4xx_hal_msp.c ****   /* USER CODE END SPI2_MspInit 0 */
 227:Src/stm32l4xx_hal_msp.c ****     /* Peripheral clock enable */
 228:Src/stm32l4xx_hal_msp.c ****     __HAL_RCC_SPI2_CLK_ENABLE();
 229:Src/stm32l4xx_hal_msp.c ****   
 230:Src/stm32l4xx_hal_msp.c ****     __HAL_RCC_GPIOB_CLK_ENABLE();
 231:Src/stm32l4xx_hal_msp.c ****     /**SPI2 GPIO Configuration    
 232:Src/stm32l4xx_hal_msp.c ****     PB12     ------> SPI2_NSS
 233:Src/stm32l4xx_hal_msp.c ****     PB13     ------> SPI2_SCK
 234:Src/stm32l4xx_hal_msp.c ****     PB14     ------> SPI2_MISO
 235:Src/stm32l4xx_hal_msp.c ****     PB15     ------> SPI2_MOSI 
 236:Src/stm32l4xx_hal_msp.c ****     */
 237:Src/stm32l4xx_hal_msp.c ****     GPIO_InitStruct.Pin = GPIO_PIN_12|GPIO_PIN_13|GPIO_PIN_14|GPIO_PIN_15;
 238:Src/stm32l4xx_hal_msp.c ****     GPIO_InitStruct.Mode = GPIO_MODE_AF_PP;
 239:Src/stm32l4xx_hal_msp.c ****     GPIO_InitStruct.Pull = GPIO_NOPULL;
 240:Src/stm32l4xx_hal_msp.c ****     GPIO_InitStruct.Speed = GPIO_SPEED_FREQ_VERY_HIGH;
 241:Src/stm32l4xx_hal_msp.c ****     GPIO_InitStruct.Alternate = GPIO_AF5_SPI2;
 242:Src/stm32l4xx_hal_msp.c ****     HAL_GPIO_Init(GPIOB, &GPIO_InitStruct);
 243:Src/stm32l4xx_hal_msp.c **** 
 244:Src/stm32l4xx_hal_msp.c ****   /* USER CODE BEGIN SPI2_MspInit 1 */
 245:Src/stm32l4xx_hal_msp.c **** 
 246:Src/stm32l4xx_hal_msp.c ****   /* USER CODE END SPI2_MspInit 1 */
 247:Src/stm32l4xx_hal_msp.c ****   }
 248:Src/stm32l4xx_hal_msp.c **** 
 249:Src/stm32l4xx_hal_msp.c **** }
 428              		.loc 1 249 1
ARM GAS  /tmp/cc1K5G7m.s 			page 13


 429 0074 2DE0     		b	.L19
 430              	.L17:
 222:Src/stm32l4xx_hal_msp.c ****   {
 431              		.loc 1 222 15
 432 0076 7B68     		ldr	r3, [r7, #4]
 433 0078 1B68     		ldr	r3, [r3]
 222:Src/stm32l4xx_hal_msp.c ****   {
 434              		.loc 1 222 10
 435 007a 1A4A     		ldr	r2, .L20+8
 436 007c 9342     		cmp	r3, r2
 437 007e 28D1     		bne	.L19
 438              	.LBB10:
 228:Src/stm32l4xx_hal_msp.c ****   
 439              		.loc 1 228 5
 440 0080 174B     		ldr	r3, .L20+4
 441 0082 9B6D     		ldr	r3, [r3, #88]
 442 0084 164A     		ldr	r2, .L20+4
 443 0086 43F48043 		orr	r3, r3, #16384
 444 008a 9365     		str	r3, [r2, #88]
 445 008c 144B     		ldr	r3, .L20+4
 446 008e 9B6D     		ldr	r3, [r3, #88]
 447 0090 03F48043 		and	r3, r3, #16384
 448 0094 3B61     		str	r3, [r7, #16]
 449 0096 3B69     		ldr	r3, [r7, #16]
 450              	.LBE10:
 451              	.LBB11:
 230:Src/stm32l4xx_hal_msp.c ****     /**SPI2 GPIO Configuration    
 452              		.loc 1 230 5
 453 0098 114B     		ldr	r3, .L20+4
 454 009a DB6C     		ldr	r3, [r3, #76]
 455 009c 104A     		ldr	r2, .L20+4
 456 009e 43F00203 		orr	r3, r3, #2
 457 00a2 D364     		str	r3, [r2, #76]
 458 00a4 0E4B     		ldr	r3, .L20+4
 459 00a6 DB6C     		ldr	r3, [r3, #76]
 460 00a8 03F00203 		and	r3, r3, #2
 461 00ac FB60     		str	r3, [r7, #12]
 462 00ae FB68     		ldr	r3, [r7, #12]
 463              	.LBE11:
 237:Src/stm32l4xx_hal_msp.c ****     GPIO_InitStruct.Mode = GPIO_MODE_AF_PP;
 464              		.loc 1 237 25
 465 00b0 4FF47043 		mov	r3, #61440
 466 00b4 FB61     		str	r3, [r7, #28]
 238:Src/stm32l4xx_hal_msp.c ****     GPIO_InitStruct.Pull = GPIO_NOPULL;
 467              		.loc 1 238 26
 468 00b6 0223     		movs	r3, #2
 469 00b8 3B62     		str	r3, [r7, #32]
 239:Src/stm32l4xx_hal_msp.c ****     GPIO_InitStruct.Speed = GPIO_SPEED_FREQ_VERY_HIGH;
 470              		.loc 1 239 26
 471 00ba 0023     		movs	r3, #0
 472 00bc 7B62     		str	r3, [r7, #36]
 240:Src/stm32l4xx_hal_msp.c ****     GPIO_InitStruct.Alternate = GPIO_AF5_SPI2;
 473              		.loc 1 240 27
 474 00be 0323     		movs	r3, #3
 475 00c0 BB62     		str	r3, [r7, #40]
 241:Src/stm32l4xx_hal_msp.c ****     HAL_GPIO_Init(GPIOB, &GPIO_InitStruct);
 476              		.loc 1 241 31
ARM GAS  /tmp/cc1K5G7m.s 			page 14


 477 00c2 0523     		movs	r3, #5
 478 00c4 FB62     		str	r3, [r7, #44]
 242:Src/stm32l4xx_hal_msp.c **** 
 479              		.loc 1 242 5
 480 00c6 07F11C03 		add	r3, r7, #28
 481 00ca 1946     		mov	r1, r3
 482 00cc 0648     		ldr	r0, .L20+12
 483 00ce FFF7FEFF 		bl	HAL_GPIO_Init
 484              	.L19:
 485              		.loc 1 249 1
 486 00d2 00BF     		nop
 487 00d4 3037     		adds	r7, r7, #48
 488              	.LCFI19:
 489              		.cfi_def_cfa_offset 8
 490 00d6 BD46     		mov	sp, r7
 491              	.LCFI20:
 492              		.cfi_def_cfa_register 13
 493              		@ sp needed
 494 00d8 80BD     		pop	{r7, pc}
 495              	.L21:
 496 00da 00BF     		.align	2
 497              	.L20:
 498 00dc 00300140 		.word	1073819648
 499 00e0 00100240 		.word	1073876992
 500 00e4 00380040 		.word	1073756160
 501 00e8 00040048 		.word	1207960576
 502              		.cfi_endproc
 503              	.LFE133:
 505              		.section	.text.HAL_SPI_MspDeInit,"ax",%progbits
 506              		.align	1
 507              		.global	HAL_SPI_MspDeInit
 508              		.syntax unified
 509              		.thumb
 510              		.thumb_func
 511              		.fpu fpv4-sp-d16
 513              	HAL_SPI_MspDeInit:
 514              	.LFB134:
 250:Src/stm32l4xx_hal_msp.c **** 
 251:Src/stm32l4xx_hal_msp.c **** /**
 252:Src/stm32l4xx_hal_msp.c **** * @brief SPI MSP De-Initialization
 253:Src/stm32l4xx_hal_msp.c **** * This function freeze the hardware resources used in this example
 254:Src/stm32l4xx_hal_msp.c **** * @param hspi: SPI handle pointer
 255:Src/stm32l4xx_hal_msp.c **** * @retval None
 256:Src/stm32l4xx_hal_msp.c **** */
 257:Src/stm32l4xx_hal_msp.c **** void HAL_SPI_MspDeInit(SPI_HandleTypeDef* hspi)
 258:Src/stm32l4xx_hal_msp.c **** {
 515              		.loc 1 258 1
 516              		.cfi_startproc
 517              		@ args = 0, pretend = 0, frame = 8
 518              		@ frame_needed = 1, uses_anonymous_args = 0
 519 0000 80B5     		push	{r7, lr}
 520              	.LCFI21:
 521              		.cfi_def_cfa_offset 8
 522              		.cfi_offset 7, -8
 523              		.cfi_offset 14, -4
 524 0002 82B0     		sub	sp, sp, #8
 525              	.LCFI22:
ARM GAS  /tmp/cc1K5G7m.s 			page 15


 526              		.cfi_def_cfa_offset 16
 527 0004 00AF     		add	r7, sp, #0
 528              	.LCFI23:
 529              		.cfi_def_cfa_register 7
 530 0006 7860     		str	r0, [r7, #4]
 259:Src/stm32l4xx_hal_msp.c ****   if(hspi->Instance==SPI1)
 531              		.loc 1 259 10
 532 0008 7B68     		ldr	r3, [r7, #4]
 533 000a 1B68     		ldr	r3, [r3]
 534              		.loc 1 259 5
 535 000c 114A     		ldr	r2, .L26
 536 000e 9342     		cmp	r3, r2
 537 0010 0BD1     		bne	.L23
 260:Src/stm32l4xx_hal_msp.c ****   {
 261:Src/stm32l4xx_hal_msp.c ****   /* USER CODE BEGIN SPI1_MspDeInit 0 */
 262:Src/stm32l4xx_hal_msp.c **** 
 263:Src/stm32l4xx_hal_msp.c ****   /* USER CODE END SPI1_MspDeInit 0 */
 264:Src/stm32l4xx_hal_msp.c ****     /* Peripheral clock disable */
 265:Src/stm32l4xx_hal_msp.c ****     __HAL_RCC_SPI1_CLK_DISABLE();
 538              		.loc 1 265 5
 539 0012 114B     		ldr	r3, .L26+4
 540 0014 1B6E     		ldr	r3, [r3, #96]
 541 0016 104A     		ldr	r2, .L26+4
 542 0018 23F48053 		bic	r3, r3, #4096
 543 001c 1366     		str	r3, [r2, #96]
 266:Src/stm32l4xx_hal_msp.c ****   
 267:Src/stm32l4xx_hal_msp.c ****     /**SPI1 GPIO Configuration    
 268:Src/stm32l4xx_hal_msp.c ****     PA4     ------> SPI1_NSS
 269:Src/stm32l4xx_hal_msp.c ****     PA5     ------> SPI1_SCK
 270:Src/stm32l4xx_hal_msp.c ****     PA6     ------> SPI1_MISO
 271:Src/stm32l4xx_hal_msp.c ****     PA7     ------> SPI1_MOSI 
 272:Src/stm32l4xx_hal_msp.c ****     */
 273:Src/stm32l4xx_hal_msp.c ****     HAL_GPIO_DeInit(GPIOA, GPIO_PIN_4|GPIO_PIN_5|GPIO_PIN_6|GPIO_PIN_7);
 544              		.loc 1 273 5
 545 001e F021     		movs	r1, #240
 546 0020 4FF09040 		mov	r0, #1207959552
 547 0024 FFF7FEFF 		bl	HAL_GPIO_DeInit
 274:Src/stm32l4xx_hal_msp.c **** 
 275:Src/stm32l4xx_hal_msp.c ****   /* USER CODE BEGIN SPI1_MspDeInit 1 */
 276:Src/stm32l4xx_hal_msp.c **** 
 277:Src/stm32l4xx_hal_msp.c ****   /* USER CODE END SPI1_MspDeInit 1 */
 278:Src/stm32l4xx_hal_msp.c ****   }
 279:Src/stm32l4xx_hal_msp.c ****   else if(hspi->Instance==SPI2)
 280:Src/stm32l4xx_hal_msp.c ****   {
 281:Src/stm32l4xx_hal_msp.c ****   /* USER CODE BEGIN SPI2_MspDeInit 0 */
 282:Src/stm32l4xx_hal_msp.c **** 
 283:Src/stm32l4xx_hal_msp.c ****   /* USER CODE END SPI2_MspDeInit 0 */
 284:Src/stm32l4xx_hal_msp.c ****     /* Peripheral clock disable */
 285:Src/stm32l4xx_hal_msp.c ****     __HAL_RCC_SPI2_CLK_DISABLE();
 286:Src/stm32l4xx_hal_msp.c ****   
 287:Src/stm32l4xx_hal_msp.c ****     /**SPI2 GPIO Configuration    
 288:Src/stm32l4xx_hal_msp.c ****     PB12     ------> SPI2_NSS
 289:Src/stm32l4xx_hal_msp.c ****     PB13     ------> SPI2_SCK
 290:Src/stm32l4xx_hal_msp.c ****     PB14     ------> SPI2_MISO
 291:Src/stm32l4xx_hal_msp.c ****     PB15     ------> SPI2_MOSI 
 292:Src/stm32l4xx_hal_msp.c ****     */
 293:Src/stm32l4xx_hal_msp.c ****     HAL_GPIO_DeInit(GPIOB, GPIO_PIN_12|GPIO_PIN_13|GPIO_PIN_14|GPIO_PIN_15);
ARM GAS  /tmp/cc1K5G7m.s 			page 16


 294:Src/stm32l4xx_hal_msp.c **** 
 295:Src/stm32l4xx_hal_msp.c ****   /* USER CODE BEGIN SPI2_MspDeInit 1 */
 296:Src/stm32l4xx_hal_msp.c **** 
 297:Src/stm32l4xx_hal_msp.c ****   /* USER CODE END SPI2_MspDeInit 1 */
 298:Src/stm32l4xx_hal_msp.c ****   }
 299:Src/stm32l4xx_hal_msp.c **** 
 300:Src/stm32l4xx_hal_msp.c **** }
 548              		.loc 1 300 1
 549 0028 0FE0     		b	.L25
 550              	.L23:
 279:Src/stm32l4xx_hal_msp.c ****   {
 551              		.loc 1 279 15
 552 002a 7B68     		ldr	r3, [r7, #4]
 553 002c 1B68     		ldr	r3, [r3]
 279:Src/stm32l4xx_hal_msp.c ****   {
 554              		.loc 1 279 10
 555 002e 0B4A     		ldr	r2, .L26+8
 556 0030 9342     		cmp	r3, r2
 557 0032 0AD1     		bne	.L25
 285:Src/stm32l4xx_hal_msp.c ****   
 558              		.loc 1 285 5
 559 0034 084B     		ldr	r3, .L26+4
 560 0036 9B6D     		ldr	r3, [r3, #88]
 561 0038 074A     		ldr	r2, .L26+4
 562 003a 23F48043 		bic	r3, r3, #16384
 563 003e 9365     		str	r3, [r2, #88]
 293:Src/stm32l4xx_hal_msp.c **** 
 564              		.loc 1 293 5
 565 0040 4FF47041 		mov	r1, #61440
 566 0044 0648     		ldr	r0, .L26+12
 567 0046 FFF7FEFF 		bl	HAL_GPIO_DeInit
 568              	.L25:
 569              		.loc 1 300 1
 570 004a 00BF     		nop
 571 004c 0837     		adds	r7, r7, #8
 572              	.LCFI24:
 573              		.cfi_def_cfa_offset 8
 574 004e BD46     		mov	sp, r7
 575              	.LCFI25:
 576              		.cfi_def_cfa_register 13
 577              		@ sp needed
 578 0050 80BD     		pop	{r7, pc}
 579              	.L27:
 580 0052 00BF     		.align	2
 581              	.L26:
 582 0054 00300140 		.word	1073819648
 583 0058 00100240 		.word	1073876992
 584 005c 00380040 		.word	1073756160
 585 0060 00040048 		.word	1207960576
 586              		.cfi_endproc
 587              	.LFE134:
 589              		.section	.text.HAL_UART_MspInit,"ax",%progbits
 590              		.align	1
 591              		.global	HAL_UART_MspInit
 592              		.syntax unified
 593              		.thumb
 594              		.thumb_func
ARM GAS  /tmp/cc1K5G7m.s 			page 17


 595              		.fpu fpv4-sp-d16
 597              	HAL_UART_MspInit:
 598              	.LFB135:
 301:Src/stm32l4xx_hal_msp.c **** 
 302:Src/stm32l4xx_hal_msp.c **** /**
 303:Src/stm32l4xx_hal_msp.c **** * @brief UART MSP Initialization
 304:Src/stm32l4xx_hal_msp.c **** * This function configures the hardware resources used in this example
 305:Src/stm32l4xx_hal_msp.c **** * @param huart: UART handle pointer
 306:Src/stm32l4xx_hal_msp.c **** * @retval None
 307:Src/stm32l4xx_hal_msp.c **** */
 308:Src/stm32l4xx_hal_msp.c **** void HAL_UART_MspInit(UART_HandleTypeDef* huart)
 309:Src/stm32l4xx_hal_msp.c **** {
 599              		.loc 1 309 1
 600              		.cfi_startproc
 601              		@ args = 0, pretend = 0, frame = 48
 602              		@ frame_needed = 1, uses_anonymous_args = 0
 603 0000 80B5     		push	{r7, lr}
 604              	.LCFI26:
 605              		.cfi_def_cfa_offset 8
 606              		.cfi_offset 7, -8
 607              		.cfi_offset 14, -4
 608 0002 8CB0     		sub	sp, sp, #48
 609              	.LCFI27:
 610              		.cfi_def_cfa_offset 56
 611 0004 00AF     		add	r7, sp, #0
 612              	.LCFI28:
 613              		.cfi_def_cfa_register 7
 614 0006 7860     		str	r0, [r7, #4]
 310:Src/stm32l4xx_hal_msp.c ****   GPIO_InitTypeDef GPIO_InitStruct = {0};
 615              		.loc 1 310 20
 616 0008 07F11C03 		add	r3, r7, #28
 617 000c 0022     		movs	r2, #0
 618 000e 1A60     		str	r2, [r3]
 619 0010 5A60     		str	r2, [r3, #4]
 620 0012 9A60     		str	r2, [r3, #8]
 621 0014 DA60     		str	r2, [r3, #12]
 622 0016 1A61     		str	r2, [r3, #16]
 311:Src/stm32l4xx_hal_msp.c ****   if(huart->Instance==USART1)
 623              		.loc 1 311 11
 624 0018 7B68     		ldr	r3, [r7, #4]
 625 001a 1B68     		ldr	r3, [r3]
 626              		.loc 1 311 5
 627 001c 2E4A     		ldr	r2, .L32
 628 001e 9342     		cmp	r3, r2
 629 0020 28D1     		bne	.L29
 630              	.LBB12:
 312:Src/stm32l4xx_hal_msp.c ****   {
 313:Src/stm32l4xx_hal_msp.c ****   /* USER CODE BEGIN USART1_MspInit 0 */
 314:Src/stm32l4xx_hal_msp.c **** 
 315:Src/stm32l4xx_hal_msp.c ****   /* USER CODE END USART1_MspInit 0 */
 316:Src/stm32l4xx_hal_msp.c ****     /* Peripheral clock enable */
 317:Src/stm32l4xx_hal_msp.c ****     __HAL_RCC_USART1_CLK_ENABLE();
 631              		.loc 1 317 5
 632 0022 2E4B     		ldr	r3, .L32+4
 633 0024 1B6E     		ldr	r3, [r3, #96]
 634 0026 2D4A     		ldr	r2, .L32+4
 635 0028 43F48043 		orr	r3, r3, #16384
ARM GAS  /tmp/cc1K5G7m.s 			page 18


 636 002c 1366     		str	r3, [r2, #96]
 637 002e 2B4B     		ldr	r3, .L32+4
 638 0030 1B6E     		ldr	r3, [r3, #96]
 639 0032 03F48043 		and	r3, r3, #16384
 640 0036 BB61     		str	r3, [r7, #24]
 641 0038 BB69     		ldr	r3, [r7, #24]
 642              	.LBE12:
 643              	.LBB13:
 318:Src/stm32l4xx_hal_msp.c ****   
 319:Src/stm32l4xx_hal_msp.c ****     __HAL_RCC_GPIOB_CLK_ENABLE();
 644              		.loc 1 319 5
 645 003a 284B     		ldr	r3, .L32+4
 646 003c DB6C     		ldr	r3, [r3, #76]
 647 003e 274A     		ldr	r2, .L32+4
 648 0040 43F00203 		orr	r3, r3, #2
 649 0044 D364     		str	r3, [r2, #76]
 650 0046 254B     		ldr	r3, .L32+4
 651 0048 DB6C     		ldr	r3, [r3, #76]
 652 004a 03F00203 		and	r3, r3, #2
 653 004e 7B61     		str	r3, [r7, #20]
 654 0050 7B69     		ldr	r3, [r7, #20]
 655              	.LBE13:
 320:Src/stm32l4xx_hal_msp.c ****     /**USART1 GPIO Configuration    
 321:Src/stm32l4xx_hal_msp.c ****     PB6     ------> USART1_TX
 322:Src/stm32l4xx_hal_msp.c ****     PB7     ------> USART1_RX 
 323:Src/stm32l4xx_hal_msp.c ****     */
 324:Src/stm32l4xx_hal_msp.c ****     GPIO_InitStruct.Pin = GPIO_PIN_6|GPIO_PIN_7;
 656              		.loc 1 324 25
 657 0052 C023     		movs	r3, #192
 658 0054 FB61     		str	r3, [r7, #28]
 325:Src/stm32l4xx_hal_msp.c ****     GPIO_InitStruct.Mode = GPIO_MODE_AF_PP;
 659              		.loc 1 325 26
 660 0056 0223     		movs	r3, #2
 661 0058 3B62     		str	r3, [r7, #32]
 326:Src/stm32l4xx_hal_msp.c ****     GPIO_InitStruct.Pull = GPIO_NOPULL;
 662              		.loc 1 326 26
 663 005a 0023     		movs	r3, #0
 664 005c 7B62     		str	r3, [r7, #36]
 327:Src/stm32l4xx_hal_msp.c ****     GPIO_InitStruct.Speed = GPIO_SPEED_FREQ_VERY_HIGH;
 665              		.loc 1 327 27
 666 005e 0323     		movs	r3, #3
 667 0060 BB62     		str	r3, [r7, #40]
 328:Src/stm32l4xx_hal_msp.c ****     GPIO_InitStruct.Alternate = GPIO_AF7_USART1;
 668              		.loc 1 328 31
 669 0062 0723     		movs	r3, #7
 670 0064 FB62     		str	r3, [r7, #44]
 329:Src/stm32l4xx_hal_msp.c ****     HAL_GPIO_Init(GPIOB, &GPIO_InitStruct);
 671              		.loc 1 329 5
 672 0066 07F11C03 		add	r3, r7, #28
 673 006a 1946     		mov	r1, r3
 674 006c 1C48     		ldr	r0, .L32+8
 675 006e FFF7FEFF 		bl	HAL_GPIO_Init
 330:Src/stm32l4xx_hal_msp.c **** 
 331:Src/stm32l4xx_hal_msp.c ****   /* USER CODE BEGIN USART1_MspInit 1 */
 332:Src/stm32l4xx_hal_msp.c **** 
 333:Src/stm32l4xx_hal_msp.c ****   /* USER CODE END USART1_MspInit 1 */
 334:Src/stm32l4xx_hal_msp.c ****   }
ARM GAS  /tmp/cc1K5G7m.s 			page 19


 335:Src/stm32l4xx_hal_msp.c ****   else if(huart->Instance==USART2)
 336:Src/stm32l4xx_hal_msp.c ****   {
 337:Src/stm32l4xx_hal_msp.c ****   /* USER CODE BEGIN USART2_MspInit 0 */
 338:Src/stm32l4xx_hal_msp.c **** 
 339:Src/stm32l4xx_hal_msp.c ****   /* USER CODE END USART2_MspInit 0 */
 340:Src/stm32l4xx_hal_msp.c ****     /* Peripheral clock enable */
 341:Src/stm32l4xx_hal_msp.c ****     __HAL_RCC_USART2_CLK_ENABLE();
 342:Src/stm32l4xx_hal_msp.c ****   
 343:Src/stm32l4xx_hal_msp.c ****     __HAL_RCC_GPIOA_CLK_ENABLE();
 344:Src/stm32l4xx_hal_msp.c ****     /**USART2 GPIO Configuration    
 345:Src/stm32l4xx_hal_msp.c ****     PA0     ------> USART2_CTS
 346:Src/stm32l4xx_hal_msp.c ****     PA1     ------> USART2_RTS
 347:Src/stm32l4xx_hal_msp.c ****     PA2     ------> USART2_TX
 348:Src/stm32l4xx_hal_msp.c ****     PA3     ------> USART2_RX 
 349:Src/stm32l4xx_hal_msp.c ****     */
 350:Src/stm32l4xx_hal_msp.c ****     GPIO_InitStruct.Pin = GPIO_PIN_0|GPIO_PIN_1|GPIO_PIN_2|GPIO_PIN_3;
 351:Src/stm32l4xx_hal_msp.c ****     GPIO_InitStruct.Mode = GPIO_MODE_AF_PP;
 352:Src/stm32l4xx_hal_msp.c ****     GPIO_InitStruct.Pull = GPIO_NOPULL;
 353:Src/stm32l4xx_hal_msp.c ****     GPIO_InitStruct.Speed = GPIO_SPEED_FREQ_VERY_HIGH;
 354:Src/stm32l4xx_hal_msp.c ****     GPIO_InitStruct.Alternate = GPIO_AF7_USART2;
 355:Src/stm32l4xx_hal_msp.c ****     HAL_GPIO_Init(GPIOA, &GPIO_InitStruct);
 356:Src/stm32l4xx_hal_msp.c **** 
 357:Src/stm32l4xx_hal_msp.c ****   /* USER CODE BEGIN USART2_MspInit 1 */
 358:Src/stm32l4xx_hal_msp.c **** 
 359:Src/stm32l4xx_hal_msp.c ****   /* USER CODE END USART2_MspInit 1 */
 360:Src/stm32l4xx_hal_msp.c ****   }
 361:Src/stm32l4xx_hal_msp.c **** 
 362:Src/stm32l4xx_hal_msp.c **** }
 676              		.loc 1 362 1
 677 0072 2DE0     		b	.L31
 678              	.L29:
 335:Src/stm32l4xx_hal_msp.c ****   {
 679              		.loc 1 335 16
 680 0074 7B68     		ldr	r3, [r7, #4]
 681 0076 1B68     		ldr	r3, [r3]
 335:Src/stm32l4xx_hal_msp.c ****   {
 682              		.loc 1 335 10
 683 0078 1A4A     		ldr	r2, .L32+12
 684 007a 9342     		cmp	r3, r2
 685 007c 28D1     		bne	.L31
 686              	.LBB14:
 341:Src/stm32l4xx_hal_msp.c ****   
 687              		.loc 1 341 5
 688 007e 174B     		ldr	r3, .L32+4
 689 0080 9B6D     		ldr	r3, [r3, #88]
 690 0082 164A     		ldr	r2, .L32+4
 691 0084 43F40033 		orr	r3, r3, #131072
 692 0088 9365     		str	r3, [r2, #88]
 693 008a 144B     		ldr	r3, .L32+4
 694 008c 9B6D     		ldr	r3, [r3, #88]
 695 008e 03F40033 		and	r3, r3, #131072
 696 0092 3B61     		str	r3, [r7, #16]
 697 0094 3B69     		ldr	r3, [r7, #16]
 698              	.LBE14:
 699              	.LBB15:
 343:Src/stm32l4xx_hal_msp.c ****     /**USART2 GPIO Configuration    
 700              		.loc 1 343 5
ARM GAS  /tmp/cc1K5G7m.s 			page 20


 701 0096 114B     		ldr	r3, .L32+4
 702 0098 DB6C     		ldr	r3, [r3, #76]
 703 009a 104A     		ldr	r2, .L32+4
 704 009c 43F00103 		orr	r3, r3, #1
 705 00a0 D364     		str	r3, [r2, #76]
 706 00a2 0E4B     		ldr	r3, .L32+4
 707 00a4 DB6C     		ldr	r3, [r3, #76]
 708 00a6 03F00103 		and	r3, r3, #1
 709 00aa FB60     		str	r3, [r7, #12]
 710 00ac FB68     		ldr	r3, [r7, #12]
 711              	.LBE15:
 350:Src/stm32l4xx_hal_msp.c ****     GPIO_InitStruct.Mode = GPIO_MODE_AF_PP;
 712              		.loc 1 350 25
 713 00ae 0F23     		movs	r3, #15
 714 00b0 FB61     		str	r3, [r7, #28]
 351:Src/stm32l4xx_hal_msp.c ****     GPIO_InitStruct.Pull = GPIO_NOPULL;
 715              		.loc 1 351 26
 716 00b2 0223     		movs	r3, #2
 717 00b4 3B62     		str	r3, [r7, #32]
 352:Src/stm32l4xx_hal_msp.c ****     GPIO_InitStruct.Speed = GPIO_SPEED_FREQ_VERY_HIGH;
 718              		.loc 1 352 26
 719 00b6 0023     		movs	r3, #0
 720 00b8 7B62     		str	r3, [r7, #36]
 353:Src/stm32l4xx_hal_msp.c ****     GPIO_InitStruct.Alternate = GPIO_AF7_USART2;
 721              		.loc 1 353 27
 722 00ba 0323     		movs	r3, #3
 723 00bc BB62     		str	r3, [r7, #40]
 354:Src/stm32l4xx_hal_msp.c ****     HAL_GPIO_Init(GPIOA, &GPIO_InitStruct);
 724              		.loc 1 354 31
 725 00be 0723     		movs	r3, #7
 726 00c0 FB62     		str	r3, [r7, #44]
 355:Src/stm32l4xx_hal_msp.c **** 
 727              		.loc 1 355 5
 728 00c2 07F11C03 		add	r3, r7, #28
 729 00c6 1946     		mov	r1, r3
 730 00c8 4FF09040 		mov	r0, #1207959552
 731 00cc FFF7FEFF 		bl	HAL_GPIO_Init
 732              	.L31:
 733              		.loc 1 362 1
 734 00d0 00BF     		nop
 735 00d2 3037     		adds	r7, r7, #48
 736              	.LCFI29:
 737              		.cfi_def_cfa_offset 8
 738 00d4 BD46     		mov	sp, r7
 739              	.LCFI30:
 740              		.cfi_def_cfa_register 13
 741              		@ sp needed
 742 00d6 80BD     		pop	{r7, pc}
 743              	.L33:
 744              		.align	2
 745              	.L32:
 746 00d8 00380140 		.word	1073821696
 747 00dc 00100240 		.word	1073876992
 748 00e0 00040048 		.word	1207960576
 749 00e4 00440040 		.word	1073759232
 750              		.cfi_endproc
 751              	.LFE135:
ARM GAS  /tmp/cc1K5G7m.s 			page 21


 753              		.section	.text.HAL_UART_MspDeInit,"ax",%progbits
 754              		.align	1
 755              		.global	HAL_UART_MspDeInit
 756              		.syntax unified
 757              		.thumb
 758              		.thumb_func
 759              		.fpu fpv4-sp-d16
 761              	HAL_UART_MspDeInit:
 762              	.LFB136:
 363:Src/stm32l4xx_hal_msp.c **** 
 364:Src/stm32l4xx_hal_msp.c **** /**
 365:Src/stm32l4xx_hal_msp.c **** * @brief UART MSP De-Initialization
 366:Src/stm32l4xx_hal_msp.c **** * This function freeze the hardware resources used in this example
 367:Src/stm32l4xx_hal_msp.c **** * @param huart: UART handle pointer
 368:Src/stm32l4xx_hal_msp.c **** * @retval None
 369:Src/stm32l4xx_hal_msp.c **** */
 370:Src/stm32l4xx_hal_msp.c **** void HAL_UART_MspDeInit(UART_HandleTypeDef* huart)
 371:Src/stm32l4xx_hal_msp.c **** {
 763              		.loc 1 371 1
 764              		.cfi_startproc
 765              		@ args = 0, pretend = 0, frame = 8
 766              		@ frame_needed = 1, uses_anonymous_args = 0
 767 0000 80B5     		push	{r7, lr}
 768              	.LCFI31:
 769              		.cfi_def_cfa_offset 8
 770              		.cfi_offset 7, -8
 771              		.cfi_offset 14, -4
 772 0002 82B0     		sub	sp, sp, #8
 773              	.LCFI32:
 774              		.cfi_def_cfa_offset 16
 775 0004 00AF     		add	r7, sp, #0
 776              	.LCFI33:
 777              		.cfi_def_cfa_register 7
 778 0006 7860     		str	r0, [r7, #4]
 372:Src/stm32l4xx_hal_msp.c ****   if(huart->Instance==USART1)
 779              		.loc 1 372 11
 780 0008 7B68     		ldr	r3, [r7, #4]
 781 000a 1B68     		ldr	r3, [r3]
 782              		.loc 1 372 5
 783 000c 104A     		ldr	r2, .L38
 784 000e 9342     		cmp	r3, r2
 785 0010 0AD1     		bne	.L35
 373:Src/stm32l4xx_hal_msp.c ****   {
 374:Src/stm32l4xx_hal_msp.c ****   /* USER CODE BEGIN USART1_MspDeInit 0 */
 375:Src/stm32l4xx_hal_msp.c **** 
 376:Src/stm32l4xx_hal_msp.c ****   /* USER CODE END USART1_MspDeInit 0 */
 377:Src/stm32l4xx_hal_msp.c ****     /* Peripheral clock disable */
 378:Src/stm32l4xx_hal_msp.c ****     __HAL_RCC_USART1_CLK_DISABLE();
 786              		.loc 1 378 5
 787 0012 104B     		ldr	r3, .L38+4
 788 0014 1B6E     		ldr	r3, [r3, #96]
 789 0016 0F4A     		ldr	r2, .L38+4
 790 0018 23F48043 		bic	r3, r3, #16384
 791 001c 1366     		str	r3, [r2, #96]
 379:Src/stm32l4xx_hal_msp.c ****   
 380:Src/stm32l4xx_hal_msp.c ****     /**USART1 GPIO Configuration    
 381:Src/stm32l4xx_hal_msp.c ****     PB6     ------> USART1_TX
ARM GAS  /tmp/cc1K5G7m.s 			page 22


 382:Src/stm32l4xx_hal_msp.c ****     PB7     ------> USART1_RX 
 383:Src/stm32l4xx_hal_msp.c ****     */
 384:Src/stm32l4xx_hal_msp.c ****     HAL_GPIO_DeInit(GPIOB, GPIO_PIN_6|GPIO_PIN_7);
 792              		.loc 1 384 5
 793 001e C021     		movs	r1, #192
 794 0020 0D48     		ldr	r0, .L38+8
 795 0022 FFF7FEFF 		bl	HAL_GPIO_DeInit
 385:Src/stm32l4xx_hal_msp.c **** 
 386:Src/stm32l4xx_hal_msp.c ****   /* USER CODE BEGIN USART1_MspDeInit 1 */
 387:Src/stm32l4xx_hal_msp.c **** 
 388:Src/stm32l4xx_hal_msp.c ****   /* USER CODE END USART1_MspDeInit 1 */
 389:Src/stm32l4xx_hal_msp.c ****   }
 390:Src/stm32l4xx_hal_msp.c ****   else if(huart->Instance==USART2)
 391:Src/stm32l4xx_hal_msp.c ****   {
 392:Src/stm32l4xx_hal_msp.c ****   /* USER CODE BEGIN USART2_MspDeInit 0 */
 393:Src/stm32l4xx_hal_msp.c **** 
 394:Src/stm32l4xx_hal_msp.c ****   /* USER CODE END USART2_MspDeInit 0 */
 395:Src/stm32l4xx_hal_msp.c ****     /* Peripheral clock disable */
 396:Src/stm32l4xx_hal_msp.c ****     __HAL_RCC_USART2_CLK_DISABLE();
 397:Src/stm32l4xx_hal_msp.c ****   
 398:Src/stm32l4xx_hal_msp.c ****     /**USART2 GPIO Configuration    
 399:Src/stm32l4xx_hal_msp.c ****     PA0     ------> USART2_CTS
 400:Src/stm32l4xx_hal_msp.c ****     PA1     ------> USART2_RTS
 401:Src/stm32l4xx_hal_msp.c ****     PA2     ------> USART2_TX
 402:Src/stm32l4xx_hal_msp.c ****     PA3     ------> USART2_RX 
 403:Src/stm32l4xx_hal_msp.c ****     */
 404:Src/stm32l4xx_hal_msp.c ****     HAL_GPIO_DeInit(GPIOA, GPIO_PIN_0|GPIO_PIN_1|GPIO_PIN_2|GPIO_PIN_3);
 405:Src/stm32l4xx_hal_msp.c **** 
 406:Src/stm32l4xx_hal_msp.c ****   /* USER CODE BEGIN USART2_MspDeInit 1 */
 407:Src/stm32l4xx_hal_msp.c **** 
 408:Src/stm32l4xx_hal_msp.c ****   /* USER CODE END USART2_MspDeInit 1 */
 409:Src/stm32l4xx_hal_msp.c ****   }
 410:Src/stm32l4xx_hal_msp.c **** 
 411:Src/stm32l4xx_hal_msp.c **** }
 796              		.loc 1 411 1
 797 0026 0FE0     		b	.L37
 798              	.L35:
 390:Src/stm32l4xx_hal_msp.c ****   {
 799              		.loc 1 390 16
 800 0028 7B68     		ldr	r3, [r7, #4]
 801 002a 1B68     		ldr	r3, [r3]
 390:Src/stm32l4xx_hal_msp.c ****   {
 802              		.loc 1 390 10
 803 002c 0B4A     		ldr	r2, .L38+12
 804 002e 9342     		cmp	r3, r2
 805 0030 0AD1     		bne	.L37
 396:Src/stm32l4xx_hal_msp.c ****   
 806              		.loc 1 396 5
 807 0032 084B     		ldr	r3, .L38+4
 808 0034 9B6D     		ldr	r3, [r3, #88]
 809 0036 074A     		ldr	r2, .L38+4
 810 0038 23F40033 		bic	r3, r3, #131072
 811 003c 9365     		str	r3, [r2, #88]
 404:Src/stm32l4xx_hal_msp.c **** 
 812              		.loc 1 404 5
 813 003e 0F21     		movs	r1, #15
 814 0040 4FF09040 		mov	r0, #1207959552
ARM GAS  /tmp/cc1K5G7m.s 			page 23


 815 0044 FFF7FEFF 		bl	HAL_GPIO_DeInit
 816              	.L37:
 817              		.loc 1 411 1
 818 0048 00BF     		nop
 819 004a 0837     		adds	r7, r7, #8
 820              	.LCFI34:
 821              		.cfi_def_cfa_offset 8
 822 004c BD46     		mov	sp, r7
 823              	.LCFI35:
 824              		.cfi_def_cfa_register 13
 825              		@ sp needed
 826 004e 80BD     		pop	{r7, pc}
 827              	.L39:
 828              		.align	2
 829              	.L38:
 830 0050 00380140 		.word	1073821696
 831 0054 00100240 		.word	1073876992
 832 0058 00040048 		.word	1207960576
 833 005c 00440040 		.word	1073759232
 834              		.cfi_endproc
 835              	.LFE136:
 837              		.text
 838              	.Letext0:
 839              		.file 2 "/home/hung/opt/xPacks/@gnu-mcu-eclipse/arm-none-eabi-gcc/8.2.1-1.7.1/.content/arm-none-ea
 840              		.file 3 "/home/hung/opt/xPacks/@gnu-mcu-eclipse/arm-none-eabi-gcc/8.2.1-1.7.1/.content/arm-none-ea
 841              		.file 4 "Drivers/CMSIS/Include/core_cm4.h"
 842              		.file 5 "Drivers/CMSIS/Device/ST/STM32L4xx/Include/system_stm32l4xx.h"
 843              		.file 6 "Drivers/CMSIS/Device/ST/STM32L4xx/Include/stm32l496xx.h"
 844              		.file 7 "Drivers/STM32L4xx_HAL_Driver/Inc/stm32l4xx_hal_def.h"
 845              		.file 8 "Drivers/STM32L4xx_HAL_Driver/Inc/stm32l4xx_hal_gpio.h"
 846              		.file 9 "Drivers/STM32L4xx_HAL_Driver/Inc/stm32l4xx_hal_dma.h"
 847              		.file 10 "Drivers/STM32L4xx_HAL_Driver/Inc/stm32l4xx_hal_flash.h"
 848              		.file 11 "Drivers/STM32L4xx_HAL_Driver/Inc/stm32l4xx_hal_i2c.h"
 849              		.file 12 "Drivers/STM32L4xx_HAL_Driver/Inc/stm32l4xx_hal_spi.h"
 850              		.file 13 "Drivers/STM32L4xx_HAL_Driver/Inc/stm32l4xx_hal_uart.h"
 851              		.file 14 "Drivers/STM32L4xx_HAL_Driver/Inc/stm32l4xx_hal.h"
ARM GAS  /tmp/cc1K5G7m.s 			page 24


DEFINED SYMBOLS
                            *ABS*:0000000000000000 stm32l4xx_hal_msp.c
     /tmp/cc1K5G7m.s:18     .text.HAL_MspInit:0000000000000000 $t
     /tmp/cc1K5G7m.s:26     .text.HAL_MspInit:0000000000000000 HAL_MspInit
     /tmp/cc1K5G7m.s:87     .text.HAL_MspInit:0000000000000044 $d
     /tmp/cc1K5G7m.s:92     .text.HAL_I2C_MspInit:0000000000000000 $t
     /tmp/cc1K5G7m.s:99     .text.HAL_I2C_MspInit:0000000000000000 HAL_I2C_MspInit
     /tmp/cc1K5G7m.s:248    .text.HAL_I2C_MspInit:00000000000000d8 $d
     /tmp/cc1K5G7m.s:257    .text.HAL_I2C_MspDeInit:0000000000000000 $t
     /tmp/cc1K5G7m.s:264    .text.HAL_I2C_MspDeInit:0000000000000000 HAL_I2C_MspDeInit
     /tmp/cc1K5G7m.s:333    .text.HAL_I2C_MspDeInit:0000000000000050 $d
     /tmp/cc1K5G7m.s:342    .text.HAL_SPI_MspInit:0000000000000000 $t
     /tmp/cc1K5G7m.s:349    .text.HAL_SPI_MspInit:0000000000000000 HAL_SPI_MspInit
     /tmp/cc1K5G7m.s:498    .text.HAL_SPI_MspInit:00000000000000dc $d
     /tmp/cc1K5G7m.s:506    .text.HAL_SPI_MspDeInit:0000000000000000 $t
     /tmp/cc1K5G7m.s:513    .text.HAL_SPI_MspDeInit:0000000000000000 HAL_SPI_MspDeInit
     /tmp/cc1K5G7m.s:582    .text.HAL_SPI_MspDeInit:0000000000000054 $d
     /tmp/cc1K5G7m.s:590    .text.HAL_UART_MspInit:0000000000000000 $t
     /tmp/cc1K5G7m.s:597    .text.HAL_UART_MspInit:0000000000000000 HAL_UART_MspInit
     /tmp/cc1K5G7m.s:746    .text.HAL_UART_MspInit:00000000000000d8 $d
     /tmp/cc1K5G7m.s:754    .text.HAL_UART_MspDeInit:0000000000000000 $t
     /tmp/cc1K5G7m.s:761    .text.HAL_UART_MspDeInit:0000000000000000 HAL_UART_MspDeInit
     /tmp/cc1K5G7m.s:830    .text.HAL_UART_MspDeInit:0000000000000050 $d

UNDEFINED SYMBOLS
HAL_GPIO_Init
HAL_GPIO_DeInit
