ARM GAS  /tmp/ccNLNTop.s 			page 1


   1              		.cpu cortex-m4
   2              		.eabi_attribute 27, 1
   3              		.eabi_attribute 28, 1
   4              		.eabi_attribute 20, 1
   5              		.eabi_attribute 21, 1
   6              		.eabi_attribute 23, 3
   7              		.eabi_attribute 24, 1
   8              		.eabi_attribute 25, 1
   9              		.eabi_attribute 26, 1
  10              		.eabi_attribute 30, 6
  11              		.eabi_attribute 34, 1
  12              		.eabi_attribute 18, 4
  13              		.file	"system_stm32l4xx.c"
  14              		.text
  15              	.Ltext0:
  16              		.cfi_sections	.debug_frame
  17              		.global	SystemCoreClock
  18              		.section	.data.SystemCoreClock,"aw"
  19              		.align	2
  22              	SystemCoreClock:
  23 0000 00093D00 		.word	4000000
  24              		.global	AHBPrescTable
  25              		.section	.rodata.AHBPrescTable,"a"
  26              		.align	2
  29              	AHBPrescTable:
  30 0000 00       		.byte	0
  31 0001 00       		.byte	0
  32 0002 00       		.byte	0
  33 0003 00       		.byte	0
  34 0004 00       		.byte	0
  35 0005 00       		.byte	0
  36 0006 00       		.byte	0
  37 0007 00       		.byte	0
  38 0008 01       		.byte	1
  39 0009 02       		.byte	2
  40 000a 03       		.byte	3
  41 000b 04       		.byte	4
  42 000c 06       		.byte	6
  43 000d 07       		.byte	7
  44 000e 08       		.byte	8
  45 000f 09       		.byte	9
  46              		.global	APBPrescTable
  47              		.section	.rodata.APBPrescTable,"a"
  48              		.align	2
  51              	APBPrescTable:
  52 0000 00       		.byte	0
  53 0001 00       		.byte	0
  54 0002 00       		.byte	0
  55 0003 00       		.byte	0
  56 0004 01       		.byte	1
  57 0005 02       		.byte	2
  58 0006 03       		.byte	3
  59 0007 04       		.byte	4
  60              		.global	MSIRangeTable
  61              		.section	.rodata.MSIRangeTable,"a"
  62              		.align	2
  65              	MSIRangeTable:
ARM GAS  /tmp/ccNLNTop.s 			page 2


  66 0000 A0860100 		.word	100000
  67 0004 400D0300 		.word	200000
  68 0008 801A0600 		.word	400000
  69 000c 00350C00 		.word	800000
  70 0010 40420F00 		.word	1000000
  71 0014 80841E00 		.word	2000000
  72 0018 00093D00 		.word	4000000
  73 001c 00127A00 		.word	8000000
  74 0020 0024F400 		.word	16000000
  75 0024 00366E01 		.word	24000000
  76 0028 0048E801 		.word	32000000
  77 002c 006CDC02 		.word	48000000
  78              		.section	.text.SystemInit,"ax",%progbits
  79              		.align	1
  80              		.global	SystemInit
  81              		.arch armv7e-m
  82              		.syntax unified
  83              		.thumb
  84              		.thumb_func
  85              		.fpu fpv4-sp-d16
  87              	SystemInit:
  88              	.LFB130:
  89              		.file 1 "Src/system_stm32l4xx.c"
   1:Src/system_stm32l4xx.c **** /**
   2:Src/system_stm32l4xx.c ****   ******************************************************************************
   3:Src/system_stm32l4xx.c ****   * @file    system_stm32l4xx.c
   4:Src/system_stm32l4xx.c ****   * @author  MCD Application Team
   5:Src/system_stm32l4xx.c ****   * @brief   CMSIS Cortex-M4 Device Peripheral Access Layer System Source File
   6:Src/system_stm32l4xx.c ****   *
   7:Src/system_stm32l4xx.c ****   *   This file provides two functions and one global variable to be called from
   8:Src/system_stm32l4xx.c ****   *   user application:
   9:Src/system_stm32l4xx.c ****   *      - SystemInit(): This function is called at startup just after reset and
  10:Src/system_stm32l4xx.c ****   *                      before branch to main program. This call is made inside
  11:Src/system_stm32l4xx.c ****   *                      the "startup_stm32l4xx.s" file.
  12:Src/system_stm32l4xx.c ****   *
  13:Src/system_stm32l4xx.c ****   *      - SystemCoreClock variable: Contains the core clock (HCLK), it can be used
  14:Src/system_stm32l4xx.c ****   *                                  by the user application to setup the SysTick
  15:Src/system_stm32l4xx.c ****   *                                  timer or configure other parameters.
  16:Src/system_stm32l4xx.c ****   *
  17:Src/system_stm32l4xx.c ****   *      - SystemCoreClockUpdate(): Updates the variable SystemCoreClock and must
  18:Src/system_stm32l4xx.c ****   *                                 be called whenever the core clock is changed
  19:Src/system_stm32l4xx.c ****   *                                 during program execution.
  20:Src/system_stm32l4xx.c ****   *
  21:Src/system_stm32l4xx.c ****   *   After each device reset the MSI (4 MHz) is used as system clock source.
  22:Src/system_stm32l4xx.c ****   *   Then SystemInit() function is called, in "startup_stm32l4xx.s" file, to
  23:Src/system_stm32l4xx.c ****   *   configure the system clock before to branch to main program.
  24:Src/system_stm32l4xx.c ****   *
  25:Src/system_stm32l4xx.c ****   *   This file configures the system clock as follows:
  26:Src/system_stm32l4xx.c ****   *=============================================================================
  27:Src/system_stm32l4xx.c ****   *-----------------------------------------------------------------------------
  28:Src/system_stm32l4xx.c ****   *        System Clock source                    | MSI
  29:Src/system_stm32l4xx.c ****   *-----------------------------------------------------------------------------
  30:Src/system_stm32l4xx.c ****   *        SYSCLK(Hz)                             | 4000000
  31:Src/system_stm32l4xx.c ****   *-----------------------------------------------------------------------------
  32:Src/system_stm32l4xx.c ****   *        HCLK(Hz)                               | 4000000
  33:Src/system_stm32l4xx.c ****   *-----------------------------------------------------------------------------
  34:Src/system_stm32l4xx.c ****   *        AHB Prescaler                          | 1
ARM GAS  /tmp/ccNLNTop.s 			page 3


  35:Src/system_stm32l4xx.c ****   *-----------------------------------------------------------------------------
  36:Src/system_stm32l4xx.c ****   *        APB1 Prescaler                         | 1
  37:Src/system_stm32l4xx.c ****   *-----------------------------------------------------------------------------
  38:Src/system_stm32l4xx.c ****   *        APB2 Prescaler                         | 1
  39:Src/system_stm32l4xx.c ****   *-----------------------------------------------------------------------------
  40:Src/system_stm32l4xx.c ****   *        PLL_M                                  | 1
  41:Src/system_stm32l4xx.c ****   *-----------------------------------------------------------------------------
  42:Src/system_stm32l4xx.c ****   *        PLL_N                                  | 8
  43:Src/system_stm32l4xx.c ****   *-----------------------------------------------------------------------------
  44:Src/system_stm32l4xx.c ****   *        PLL_P                                  | 7
  45:Src/system_stm32l4xx.c ****   *-----------------------------------------------------------------------------
  46:Src/system_stm32l4xx.c ****   *        PLL_Q                                  | 2
  47:Src/system_stm32l4xx.c ****   *-----------------------------------------------------------------------------
  48:Src/system_stm32l4xx.c ****   *        PLL_R                                  | 2
  49:Src/system_stm32l4xx.c ****   *-----------------------------------------------------------------------------
  50:Src/system_stm32l4xx.c ****   *        PLLSAI1_P                              | NA
  51:Src/system_stm32l4xx.c ****   *-----------------------------------------------------------------------------
  52:Src/system_stm32l4xx.c ****   *        PLLSAI1_Q                              | NA
  53:Src/system_stm32l4xx.c ****   *-----------------------------------------------------------------------------
  54:Src/system_stm32l4xx.c ****   *        PLLSAI1_R                              | NA
  55:Src/system_stm32l4xx.c ****   *-----------------------------------------------------------------------------
  56:Src/system_stm32l4xx.c ****   *        PLLSAI2_P                              | NA
  57:Src/system_stm32l4xx.c ****   *-----------------------------------------------------------------------------
  58:Src/system_stm32l4xx.c ****   *        PLLSAI2_Q                              | NA
  59:Src/system_stm32l4xx.c ****   *-----------------------------------------------------------------------------
  60:Src/system_stm32l4xx.c ****   *        PLLSAI2_R                              | NA
  61:Src/system_stm32l4xx.c ****   *-----------------------------------------------------------------------------
  62:Src/system_stm32l4xx.c ****   *        Require 48MHz for USB OTG FS,          | Disabled
  63:Src/system_stm32l4xx.c ****   *        SDIO and RNG clock                     |
  64:Src/system_stm32l4xx.c ****   *-----------------------------------------------------------------------------
  65:Src/system_stm32l4xx.c ****   *=============================================================================
  66:Src/system_stm32l4xx.c ****   ******************************************************************************
  67:Src/system_stm32l4xx.c ****   * @attention
  68:Src/system_stm32l4xx.c ****   *
  69:Src/system_stm32l4xx.c ****   * <h2><center>&copy; Copyright (c) 2017 STMicroelectronics.
  70:Src/system_stm32l4xx.c ****   * All rights reserved.</center></h2>
  71:Src/system_stm32l4xx.c ****   *
  72:Src/system_stm32l4xx.c ****   * This software component is licensed by ST under BSD 3-Clause license,
  73:Src/system_stm32l4xx.c ****   * the "License"; You may not use this file except in compliance with the
  74:Src/system_stm32l4xx.c ****   * License. You may obtain a copy of the License at:
  75:Src/system_stm32l4xx.c ****   *                        opensource.org/licenses/BSD-3-Clause
  76:Src/system_stm32l4xx.c ****   *
  77:Src/system_stm32l4xx.c ****   ******************************************************************************
  78:Src/system_stm32l4xx.c ****   */
  79:Src/system_stm32l4xx.c **** 
  80:Src/system_stm32l4xx.c **** /** @addtogroup CMSIS
  81:Src/system_stm32l4xx.c ****   * @{
  82:Src/system_stm32l4xx.c ****   */
  83:Src/system_stm32l4xx.c **** 
  84:Src/system_stm32l4xx.c **** /** @addtogroup stm32l4xx_system
  85:Src/system_stm32l4xx.c ****   * @{
  86:Src/system_stm32l4xx.c ****   */
  87:Src/system_stm32l4xx.c **** 
  88:Src/system_stm32l4xx.c **** /** @addtogroup STM32L4xx_System_Private_Includes
  89:Src/system_stm32l4xx.c ****   * @{
  90:Src/system_stm32l4xx.c ****   */
  91:Src/system_stm32l4xx.c **** 
ARM GAS  /tmp/ccNLNTop.s 			page 4


  92:Src/system_stm32l4xx.c **** #include "stm32l4xx.h"
  93:Src/system_stm32l4xx.c **** 
  94:Src/system_stm32l4xx.c **** #if !defined  (HSE_VALUE)
  95:Src/system_stm32l4xx.c ****   #define HSE_VALUE    8000000U  /*!< Value of the External oscillator in Hz */
  96:Src/system_stm32l4xx.c **** #endif /* HSE_VALUE */
  97:Src/system_stm32l4xx.c **** 
  98:Src/system_stm32l4xx.c **** #if !defined  (MSI_VALUE)
  99:Src/system_stm32l4xx.c ****   #define MSI_VALUE    4000000U  /*!< Value of the Internal oscillator in Hz*/
 100:Src/system_stm32l4xx.c **** #endif /* MSI_VALUE */
 101:Src/system_stm32l4xx.c **** 
 102:Src/system_stm32l4xx.c **** #if !defined  (HSI_VALUE)
 103:Src/system_stm32l4xx.c ****   #define HSI_VALUE    16000000U /*!< Value of the Internal oscillator in Hz*/
 104:Src/system_stm32l4xx.c **** #endif /* HSI_VALUE */
 105:Src/system_stm32l4xx.c **** 
 106:Src/system_stm32l4xx.c **** /**
 107:Src/system_stm32l4xx.c ****   * @}
 108:Src/system_stm32l4xx.c ****   */
 109:Src/system_stm32l4xx.c **** 
 110:Src/system_stm32l4xx.c **** /** @addtogroup STM32L4xx_System_Private_TypesDefinitions
 111:Src/system_stm32l4xx.c ****   * @{
 112:Src/system_stm32l4xx.c ****   */
 113:Src/system_stm32l4xx.c **** 
 114:Src/system_stm32l4xx.c **** /**
 115:Src/system_stm32l4xx.c ****   * @}
 116:Src/system_stm32l4xx.c ****   */
 117:Src/system_stm32l4xx.c **** 
 118:Src/system_stm32l4xx.c **** /** @addtogroup STM32L4xx_System_Private_Defines
 119:Src/system_stm32l4xx.c ****   * @{
 120:Src/system_stm32l4xx.c ****   */
 121:Src/system_stm32l4xx.c **** 
 122:Src/system_stm32l4xx.c **** /************************* Miscellaneous Configuration ************************/
 123:Src/system_stm32l4xx.c **** /*!< Uncomment the following line if you need to relocate your vector Table in
 124:Src/system_stm32l4xx.c ****      Internal SRAM. */
 125:Src/system_stm32l4xx.c **** /* #define VECT_TAB_SRAM */
 126:Src/system_stm32l4xx.c **** #define VECT_TAB_OFFSET  0x00 /*!< Vector Table base offset field.
 127:Src/system_stm32l4xx.c ****                                    This value must be a multiple of 0x200. */
 128:Src/system_stm32l4xx.c **** /******************************************************************************/
 129:Src/system_stm32l4xx.c **** /**
 130:Src/system_stm32l4xx.c ****   * @}
 131:Src/system_stm32l4xx.c ****   */
 132:Src/system_stm32l4xx.c **** 
 133:Src/system_stm32l4xx.c **** /** @addtogroup STM32L4xx_System_Private_Macros
 134:Src/system_stm32l4xx.c ****   * @{
 135:Src/system_stm32l4xx.c ****   */
 136:Src/system_stm32l4xx.c **** 
 137:Src/system_stm32l4xx.c **** /**
 138:Src/system_stm32l4xx.c ****   * @}
 139:Src/system_stm32l4xx.c ****   */
 140:Src/system_stm32l4xx.c **** 
 141:Src/system_stm32l4xx.c **** /** @addtogroup STM32L4xx_System_Private_Variables
 142:Src/system_stm32l4xx.c ****   * @{
 143:Src/system_stm32l4xx.c ****   */
 144:Src/system_stm32l4xx.c ****   /* The SystemCoreClock variable is updated in three ways:
 145:Src/system_stm32l4xx.c ****       1) by calling CMSIS function SystemCoreClockUpdate()
 146:Src/system_stm32l4xx.c ****       2) by calling HAL API function HAL_RCC_GetHCLKFreq()
 147:Src/system_stm32l4xx.c ****       3) each time HAL_RCC_ClockConfig() is called to configure the system clock frequency
 148:Src/system_stm32l4xx.c ****          Note: If you use this function to configure the system clock; then there
ARM GAS  /tmp/ccNLNTop.s 			page 5


 149:Src/system_stm32l4xx.c ****                is no need to call the 2 first functions listed above, since SystemCoreClock
 150:Src/system_stm32l4xx.c ****                variable is updated automatically.
 151:Src/system_stm32l4xx.c ****   */
 152:Src/system_stm32l4xx.c ****   uint32_t SystemCoreClock = 4000000U;
 153:Src/system_stm32l4xx.c **** 
 154:Src/system_stm32l4xx.c ****   const uint8_t  AHBPrescTable[16] = {0U, 0U, 0U, 0U, 0U, 0U, 0U, 0U, 1U, 2U, 3U, 4U, 6U, 7U, 8U, 9
 155:Src/system_stm32l4xx.c ****   const uint8_t  APBPrescTable[8] =  {0U, 0U, 0U, 0U, 1U, 2U, 3U, 4U};
 156:Src/system_stm32l4xx.c ****   const uint32_t MSIRangeTable[12] = {100000U,   200000U,   400000U,   800000U,  1000000U,  2000000
 157:Src/system_stm32l4xx.c ****                                       4000000U, 8000000U, 16000000U, 24000000U, 32000000U, 48000000
 158:Src/system_stm32l4xx.c **** /**
 159:Src/system_stm32l4xx.c ****   * @}
 160:Src/system_stm32l4xx.c ****   */
 161:Src/system_stm32l4xx.c **** 
 162:Src/system_stm32l4xx.c **** /** @addtogroup STM32L4xx_System_Private_FunctionPrototypes
 163:Src/system_stm32l4xx.c ****   * @{
 164:Src/system_stm32l4xx.c ****   */
 165:Src/system_stm32l4xx.c **** 
 166:Src/system_stm32l4xx.c **** /**
 167:Src/system_stm32l4xx.c ****   * @}
 168:Src/system_stm32l4xx.c ****   */
 169:Src/system_stm32l4xx.c **** 
 170:Src/system_stm32l4xx.c **** /** @addtogroup STM32L4xx_System_Private_Functions
 171:Src/system_stm32l4xx.c ****   * @{
 172:Src/system_stm32l4xx.c ****   */
 173:Src/system_stm32l4xx.c **** 
 174:Src/system_stm32l4xx.c **** /**
 175:Src/system_stm32l4xx.c ****   * @brief  Setup the microcontroller system.
 176:Src/system_stm32l4xx.c ****   * @param  None
 177:Src/system_stm32l4xx.c ****   * @retval None
 178:Src/system_stm32l4xx.c ****   */
 179:Src/system_stm32l4xx.c **** 
 180:Src/system_stm32l4xx.c **** void SystemInit(void)
 181:Src/system_stm32l4xx.c **** {
  90              		.loc 1 181 1
  91              		.cfi_startproc
  92              		@ args = 0, pretend = 0, frame = 0
  93              		@ frame_needed = 1, uses_anonymous_args = 0
  94              		@ link register save eliminated.
  95 0000 80B4     		push	{r7}
  96              	.LCFI0:
  97              		.cfi_def_cfa_offset 4
  98              		.cfi_offset 7, -4
  99 0002 00AF     		add	r7, sp, #0
 100              	.LCFI1:
 101              		.cfi_def_cfa_register 7
 182:Src/system_stm32l4xx.c ****   /* FPU settings ------------------------------------------------------------*/
 183:Src/system_stm32l4xx.c ****   #if (__FPU_PRESENT == 1) && (__FPU_USED == 1)
 184:Src/system_stm32l4xx.c ****     SCB->CPACR |= ((3UL << 10*2)|(3UL << 11*2));  /* set CP10 and CP11 Full Access */
 102              		.loc 1 184 16
 103 0004 174B     		ldr	r3, .L2
 104 0006 D3F88830 		ldr	r3, [r3, #136]
 105 000a 164A     		ldr	r2, .L2
 106 000c 43F47003 		orr	r3, r3, #15728640
 107 0010 C2F88830 		str	r3, [r2, #136]
 185:Src/system_stm32l4xx.c ****   #endif
 186:Src/system_stm32l4xx.c **** 
 187:Src/system_stm32l4xx.c ****   /* Reset the RCC clock configuration to the default reset state ------------*/
ARM GAS  /tmp/ccNLNTop.s 			page 6


 188:Src/system_stm32l4xx.c ****   /* Set MSION bit */
 189:Src/system_stm32l4xx.c ****   RCC->CR |= RCC_CR_MSION;
 108              		.loc 1 189 11
 109 0014 144B     		ldr	r3, .L2+4
 110 0016 1B68     		ldr	r3, [r3]
 111 0018 134A     		ldr	r2, .L2+4
 112 001a 43F00103 		orr	r3, r3, #1
 113 001e 1360     		str	r3, [r2]
 190:Src/system_stm32l4xx.c **** 
 191:Src/system_stm32l4xx.c ****   /* Reset CFGR register */
 192:Src/system_stm32l4xx.c ****   RCC->CFGR = 0x00000000U;
 114              		.loc 1 192 6
 115 0020 114B     		ldr	r3, .L2+4
 116              		.loc 1 192 13
 117 0022 0022     		movs	r2, #0
 118 0024 9A60     		str	r2, [r3, #8]
 193:Src/system_stm32l4xx.c **** 
 194:Src/system_stm32l4xx.c ****   /* Reset HSEON, CSSON , HSION, and PLLON bits */
 195:Src/system_stm32l4xx.c ****   RCC->CR &= 0xEAF6FFFFU;
 119              		.loc 1 195 11
 120 0026 104B     		ldr	r3, .L2+4
 121 0028 1B68     		ldr	r3, [r3]
 122 002a 0F4A     		ldr	r2, .L2+4
 123 002c 23F0A853 		bic	r3, r3, #352321536
 124 0030 23F41023 		bic	r3, r3, #589824
 125 0034 1360     		str	r3, [r2]
 196:Src/system_stm32l4xx.c **** 
 197:Src/system_stm32l4xx.c ****   /* Reset PLLCFGR register */
 198:Src/system_stm32l4xx.c ****   RCC->PLLCFGR = 0x00001000U;
 126              		.loc 1 198 6
 127 0036 0C4B     		ldr	r3, .L2+4
 128              		.loc 1 198 16
 129 0038 4FF48052 		mov	r2, #4096
 130 003c DA60     		str	r2, [r3, #12]
 199:Src/system_stm32l4xx.c **** 
 200:Src/system_stm32l4xx.c ****   /* Reset HSEBYP bit */
 201:Src/system_stm32l4xx.c ****   RCC->CR &= 0xFFFBFFFFU;
 131              		.loc 1 201 11
 132 003e 0A4B     		ldr	r3, .L2+4
 133 0040 1B68     		ldr	r3, [r3]
 134 0042 094A     		ldr	r2, .L2+4
 135 0044 23F48023 		bic	r3, r3, #262144
 136 0048 1360     		str	r3, [r2]
 202:Src/system_stm32l4xx.c **** 
 203:Src/system_stm32l4xx.c ****   /* Disable all interrupts */
 204:Src/system_stm32l4xx.c ****   RCC->CIER = 0x00000000U;
 137              		.loc 1 204 6
 138 004a 074B     		ldr	r3, .L2+4
 139              		.loc 1 204 13
 140 004c 0022     		movs	r2, #0
 141 004e 9A61     		str	r2, [r3, #24]
 205:Src/system_stm32l4xx.c **** 
 206:Src/system_stm32l4xx.c ****   /* Configure the Vector Table location add offset address ------------------*/
 207:Src/system_stm32l4xx.c **** #ifdef VECT_TAB_SRAM
 208:Src/system_stm32l4xx.c ****   SCB->VTOR = SRAM_BASE | VECT_TAB_OFFSET; /* Vector Table Relocation in Internal SRAM */
 209:Src/system_stm32l4xx.c **** #else
 210:Src/system_stm32l4xx.c ****   SCB->VTOR = FLASH_BASE | VECT_TAB_OFFSET; /* Vector Table Relocation in Internal FLASH */
ARM GAS  /tmp/ccNLNTop.s 			page 7


 142              		.loc 1 210 6
 143 0050 044B     		ldr	r3, .L2
 144              		.loc 1 210 13
 145 0052 4FF00062 		mov	r2, #134217728
 146 0056 9A60     		str	r2, [r3, #8]
 211:Src/system_stm32l4xx.c **** #endif
 212:Src/system_stm32l4xx.c **** }
 147              		.loc 1 212 1
 148 0058 00BF     		nop
 149 005a BD46     		mov	sp, r7
 150              	.LCFI2:
 151              		.cfi_def_cfa_register 13
 152              		@ sp needed
 153 005c 5DF8047B 		ldr	r7, [sp], #4
 154              	.LCFI3:
 155              		.cfi_restore 7
 156              		.cfi_def_cfa_offset 0
 157 0060 7047     		bx	lr
 158              	.L3:
 159 0062 00BF     		.align	2
 160              	.L2:
 161 0064 00ED00E0 		.word	-536810240
 162 0068 00100240 		.word	1073876992
 163              		.cfi_endproc
 164              	.LFE130:
 166              		.section	.text.SystemCoreClockUpdate,"ax",%progbits
 167              		.align	1
 168              		.global	SystemCoreClockUpdate
 169              		.syntax unified
 170              		.thumb
 171              		.thumb_func
 172              		.fpu fpv4-sp-d16
 174              	SystemCoreClockUpdate:
 175              	.LFB131:
 213:Src/system_stm32l4xx.c **** 
 214:Src/system_stm32l4xx.c **** /**
 215:Src/system_stm32l4xx.c ****   * @brief  Update SystemCoreClock variable according to Clock Register Values.
 216:Src/system_stm32l4xx.c ****   *         The SystemCoreClock variable contains the core clock (HCLK), it can
 217:Src/system_stm32l4xx.c ****   *         be used by the user application to setup the SysTick timer or configure
 218:Src/system_stm32l4xx.c ****   *         other parameters.
 219:Src/system_stm32l4xx.c ****   *
 220:Src/system_stm32l4xx.c ****   * @note   Each time the core clock (HCLK) changes, this function must be called
 221:Src/system_stm32l4xx.c ****   *         to update SystemCoreClock variable value. Otherwise, any configuration
 222:Src/system_stm32l4xx.c ****   *         based on this variable will be incorrect.
 223:Src/system_stm32l4xx.c ****   *
 224:Src/system_stm32l4xx.c ****   * @note   - The system frequency computed by this function is not the real
 225:Src/system_stm32l4xx.c ****   *           frequency in the chip. It is calculated based on the predefined
 226:Src/system_stm32l4xx.c ****   *           constant and the selected clock source:
 227:Src/system_stm32l4xx.c ****   *
 228:Src/system_stm32l4xx.c ****   *           - If SYSCLK source is MSI, SystemCoreClock will contain the MSI_VALUE(*)
 229:Src/system_stm32l4xx.c ****   *
 230:Src/system_stm32l4xx.c ****   *           - If SYSCLK source is HSI, SystemCoreClock will contain the HSI_VALUE(**)
 231:Src/system_stm32l4xx.c ****   *
 232:Src/system_stm32l4xx.c ****   *           - If SYSCLK source is HSE, SystemCoreClock will contain the HSE_VALUE(***)
 233:Src/system_stm32l4xx.c ****   *
 234:Src/system_stm32l4xx.c ****   *           - If SYSCLK source is PLL, SystemCoreClock will contain the HSE_VALUE(***)
 235:Src/system_stm32l4xx.c ****   *             or HSI_VALUE(*) or MSI_VALUE(*) multiplied/divided by the PLL factors.
ARM GAS  /tmp/ccNLNTop.s 			page 8


 236:Src/system_stm32l4xx.c ****   *
 237:Src/system_stm32l4xx.c ****   *         (*) MSI_VALUE is a constant defined in stm32l4xx_hal.h file (default value
 238:Src/system_stm32l4xx.c ****   *             4 MHz) but the real value may vary depending on the variations
 239:Src/system_stm32l4xx.c ****   *             in voltage and temperature.
 240:Src/system_stm32l4xx.c ****   *
 241:Src/system_stm32l4xx.c ****   *         (**) HSI_VALUE is a constant defined in stm32l4xx_hal.h file (default value
 242:Src/system_stm32l4xx.c ****   *              16 MHz) but the real value may vary depending on the variations
 243:Src/system_stm32l4xx.c ****   *              in voltage and temperature.
 244:Src/system_stm32l4xx.c ****   *
 245:Src/system_stm32l4xx.c ****   *         (***) HSE_VALUE is a constant defined in stm32l4xx_hal.h file (default value
 246:Src/system_stm32l4xx.c ****   *              8 MHz), user has to ensure that HSE_VALUE is same as the real
 247:Src/system_stm32l4xx.c ****   *              frequency of the crystal used. Otherwise, this function may
 248:Src/system_stm32l4xx.c ****   *              have wrong result.
 249:Src/system_stm32l4xx.c ****   *
 250:Src/system_stm32l4xx.c ****   *         - The result of this function could be not correct when using fractional
 251:Src/system_stm32l4xx.c ****   *           value for HSE crystal.
 252:Src/system_stm32l4xx.c ****   *
 253:Src/system_stm32l4xx.c ****   * @param  None
 254:Src/system_stm32l4xx.c ****   * @retval None
 255:Src/system_stm32l4xx.c ****   */
 256:Src/system_stm32l4xx.c **** void SystemCoreClockUpdate(void)
 257:Src/system_stm32l4xx.c **** {
 176              		.loc 1 257 1
 177              		.cfi_startproc
 178              		@ args = 0, pretend = 0, frame = 24
 179              		@ frame_needed = 1, uses_anonymous_args = 0
 180              		@ link register save eliminated.
 181 0000 80B4     		push	{r7}
 182              	.LCFI4:
 183              		.cfi_def_cfa_offset 4
 184              		.cfi_offset 7, -4
 185 0002 87B0     		sub	sp, sp, #28
 186              	.LCFI5:
 187              		.cfi_def_cfa_offset 32
 188 0004 00AF     		add	r7, sp, #0
 189              	.LCFI6:
 190              		.cfi_def_cfa_register 7
 258:Src/system_stm32l4xx.c ****   uint32_t tmp = 0U, msirange = 0U, pllvco = 0U, pllr = 2U, pllsource = 0U, pllm = 2U;
 191              		.loc 1 258 12
 192 0006 0023     		movs	r3, #0
 193 0008 FB60     		str	r3, [r7, #12]
 194              		.loc 1 258 22
 195 000a 0023     		movs	r3, #0
 196 000c 7B61     		str	r3, [r7, #20]
 197              		.loc 1 258 37
 198 000e 0023     		movs	r3, #0
 199 0010 3B61     		str	r3, [r7, #16]
 200              		.loc 1 258 50
 201 0012 0223     		movs	r3, #2
 202 0014 BB60     		str	r3, [r7, #8]
 203              		.loc 1 258 61
 204 0016 0023     		movs	r3, #0
 205 0018 7B60     		str	r3, [r7, #4]
 206              		.loc 1 258 77
 207 001a 0223     		movs	r3, #2
 208 001c 3B60     		str	r3, [r7]
 259:Src/system_stm32l4xx.c **** 
ARM GAS  /tmp/ccNLNTop.s 			page 9


 260:Src/system_stm32l4xx.c ****   /* Get MSI Range frequency--------------------------------------------------*/
 261:Src/system_stm32l4xx.c ****   if((RCC->CR & RCC_CR_MSIRGSEL) == RESET)
 209              		.loc 1 261 10
 210 001e 4F4B     		ldr	r3, .L19
 211 0020 1B68     		ldr	r3, [r3]
 212              		.loc 1 261 15
 213 0022 03F00803 		and	r3, r3, #8
 214              		.loc 1 261 5
 215 0026 002B     		cmp	r3, #0
 216 0028 07D1     		bne	.L5
 262:Src/system_stm32l4xx.c ****   { /* MSISRANGE from RCC_CSR applies */
 263:Src/system_stm32l4xx.c ****     msirange = (RCC->CSR & RCC_CSR_MSISRANGE) >> 8U;
 217              		.loc 1 263 20
 218 002a 4C4B     		ldr	r3, .L19
 219 002c D3F89430 		ldr	r3, [r3, #148]
 220              		.loc 1 263 47
 221 0030 1B0A     		lsrs	r3, r3, #8
 222              		.loc 1 263 14
 223 0032 03F00F03 		and	r3, r3, #15
 224 0036 7B61     		str	r3, [r7, #20]
 225 0038 05E0     		b	.L6
 226              	.L5:
 264:Src/system_stm32l4xx.c ****   }
 265:Src/system_stm32l4xx.c ****   else
 266:Src/system_stm32l4xx.c ****   { /* MSIRANGE from RCC_CR applies */
 267:Src/system_stm32l4xx.c ****     msirange = (RCC->CR & RCC_CR_MSIRANGE) >> 4U;
 227              		.loc 1 267 20
 228 003a 484B     		ldr	r3, .L19
 229 003c 1B68     		ldr	r3, [r3]
 230              		.loc 1 267 44
 231 003e 1B09     		lsrs	r3, r3, #4
 232              		.loc 1 267 14
 233 0040 03F00F03 		and	r3, r3, #15
 234 0044 7B61     		str	r3, [r7, #20]
 235              	.L6:
 268:Src/system_stm32l4xx.c ****   }
 269:Src/system_stm32l4xx.c ****   /*MSI frequency range in HZ*/
 270:Src/system_stm32l4xx.c ****   msirange = MSIRangeTable[msirange];
 236              		.loc 1 270 12
 237 0046 464A     		ldr	r2, .L19+4
 238 0048 7B69     		ldr	r3, [r7, #20]
 239 004a 52F82330 		ldr	r3, [r2, r3, lsl #2]
 240 004e 7B61     		str	r3, [r7, #20]
 271:Src/system_stm32l4xx.c **** 
 272:Src/system_stm32l4xx.c ****   /* Get SYSCLK source -------------------------------------------------------*/
 273:Src/system_stm32l4xx.c ****   switch (RCC->CFGR & RCC_CFGR_SWS)
 241              		.loc 1 273 14
 242 0050 424B     		ldr	r3, .L19
 243 0052 9B68     		ldr	r3, [r3, #8]
 244              		.loc 1 273 21
 245 0054 03F00C03 		and	r3, r3, #12
 246              		.loc 1 273 3
 247 0058 0C2B     		cmp	r3, #12
 248 005a 66D8     		bhi	.L7
 249 005c 01A2     		adr	r2, .L9
 250 005e 52F823F0 		ldr	pc, [r2, r3, lsl #2]
 251 0062 00BF     		.p2align 2
ARM GAS  /tmp/ccNLNTop.s 			page 10


 252              	.L9:
 253 0064 99000000 		.word	.L12+1
 254 0068 2B010000 		.word	.L7+1
 255 006c 2B010000 		.word	.L7+1
 256 0070 2B010000 		.word	.L7+1
 257 0074 A1000000 		.word	.L11+1
 258 0078 2B010000 		.word	.L7+1
 259 007c 2B010000 		.word	.L7+1
 260 0080 2B010000 		.word	.L7+1
 261 0084 A9000000 		.word	.L10+1
 262 0088 2B010000 		.word	.L7+1
 263 008c 2B010000 		.word	.L7+1
 264 0090 2B010000 		.word	.L7+1
 265 0094 B1000000 		.word	.L8+1
 266              		.p2align 1
 267              	.L12:
 274:Src/system_stm32l4xx.c ****   {
 275:Src/system_stm32l4xx.c ****     case 0x00:  /* MSI used as system clock source */
 276:Src/system_stm32l4xx.c ****       SystemCoreClock = msirange;
 268              		.loc 1 276 23
 269 0098 324A     		ldr	r2, .L19+8
 270 009a 7B69     		ldr	r3, [r7, #20]
 271 009c 1360     		str	r3, [r2]
 277:Src/system_stm32l4xx.c ****       break;
 272              		.loc 1 277 7
 273 009e 48E0     		b	.L13
 274              	.L11:
 278:Src/system_stm32l4xx.c **** 
 279:Src/system_stm32l4xx.c ****     case 0x04:  /* HSI used as system clock source */
 280:Src/system_stm32l4xx.c ****       SystemCoreClock = HSI_VALUE;
 275              		.loc 1 280 23
 276 00a0 304B     		ldr	r3, .L19+8
 277 00a2 314A     		ldr	r2, .L19+12
 278 00a4 1A60     		str	r2, [r3]
 281:Src/system_stm32l4xx.c ****       break;
 279              		.loc 1 281 7
 280 00a6 44E0     		b	.L13
 281              	.L10:
 282:Src/system_stm32l4xx.c **** 
 283:Src/system_stm32l4xx.c ****     case 0x08:  /* HSE used as system clock source */
 284:Src/system_stm32l4xx.c ****       SystemCoreClock = HSE_VALUE;
 282              		.loc 1 284 23
 283 00a8 2E4B     		ldr	r3, .L19+8
 284 00aa 304A     		ldr	r2, .L19+16
 285 00ac 1A60     		str	r2, [r3]
 285:Src/system_stm32l4xx.c ****       break;
 286              		.loc 1 285 7
 287 00ae 40E0     		b	.L13
 288              	.L8:
 286:Src/system_stm32l4xx.c **** 
 287:Src/system_stm32l4xx.c ****     case 0x0C:  /* PLL used as system clock  source */
 288:Src/system_stm32l4xx.c ****       /* PLL_VCO = (HSE_VALUE or HSI_VALUE or MSI_VALUE/ PLLM) * PLLN
 289:Src/system_stm32l4xx.c ****          SYSCLK = PLL_VCO / PLLR
 290:Src/system_stm32l4xx.c ****          */
 291:Src/system_stm32l4xx.c ****       pllsource = (RCC->PLLCFGR & RCC_PLLCFGR_PLLSRC);
 289              		.loc 1 291 23
 290 00b0 2A4B     		ldr	r3, .L19
ARM GAS  /tmp/ccNLNTop.s 			page 11


 291 00b2 DB68     		ldr	r3, [r3, #12]
 292              		.loc 1 291 17
 293 00b4 03F00303 		and	r3, r3, #3
 294 00b8 7B60     		str	r3, [r7, #4]
 292:Src/system_stm32l4xx.c ****       pllm = ((RCC->PLLCFGR & RCC_PLLCFGR_PLLM) >> 4U) + 1U ;
 295              		.loc 1 292 19
 296 00ba 284B     		ldr	r3, .L19
 297 00bc DB68     		ldr	r3, [r3, #12]
 298              		.loc 1 292 49
 299 00be 1B09     		lsrs	r3, r3, #4
 300 00c0 03F00703 		and	r3, r3, #7
 301              		.loc 1 292 12
 302 00c4 0133     		adds	r3, r3, #1
 303 00c6 3B60     		str	r3, [r7]
 304 00c8 7B68     		ldr	r3, [r7, #4]
 305 00ca 022B     		cmp	r3, #2
 306 00cc 03D0     		beq	.L14
 307 00ce 7B68     		ldr	r3, [r7, #4]
 308 00d0 032B     		cmp	r3, #3
 309 00d2 06D0     		beq	.L15
 310 00d4 0BE0     		b	.L18
 311              	.L14:
 293:Src/system_stm32l4xx.c **** 
 294:Src/system_stm32l4xx.c ****       switch (pllsource)
 295:Src/system_stm32l4xx.c ****       {
 296:Src/system_stm32l4xx.c ****         case 0x02:  /* HSI used as PLL clock source */
 297:Src/system_stm32l4xx.c ****           pllvco = (HSI_VALUE / pllm);
 312              		.loc 1 297 18
 313 00d6 244A     		ldr	r2, .L19+12
 314 00d8 3B68     		ldr	r3, [r7]
 315 00da B2FBF3F3 		udiv	r3, r2, r3
 316 00de 3B61     		str	r3, [r7, #16]
 298:Src/system_stm32l4xx.c ****           break;
 317              		.loc 1 298 11
 318 00e0 0BE0     		b	.L17
 319              	.L15:
 299:Src/system_stm32l4xx.c **** 
 300:Src/system_stm32l4xx.c ****         case 0x03:  /* HSE used as PLL clock source */
 301:Src/system_stm32l4xx.c ****           pllvco = (HSE_VALUE / pllm);
 320              		.loc 1 301 18
 321 00e2 224A     		ldr	r2, .L19+16
 322 00e4 3B68     		ldr	r3, [r7]
 323 00e6 B2FBF3F3 		udiv	r3, r2, r3
 324 00ea 3B61     		str	r3, [r7, #16]
 302:Src/system_stm32l4xx.c ****           break;
 325              		.loc 1 302 11
 326 00ec 05E0     		b	.L17
 327              	.L18:
 303:Src/system_stm32l4xx.c **** 
 304:Src/system_stm32l4xx.c ****         default:    /* MSI used as PLL clock source */
 305:Src/system_stm32l4xx.c ****           pllvco = (msirange / pllm);
 328              		.loc 1 305 18
 329 00ee 7A69     		ldr	r2, [r7, #20]
 330 00f0 3B68     		ldr	r3, [r7]
 331 00f2 B2FBF3F3 		udiv	r3, r2, r3
 332 00f6 3B61     		str	r3, [r7, #16]
 306:Src/system_stm32l4xx.c ****           break;
ARM GAS  /tmp/ccNLNTop.s 			page 12


 333              		.loc 1 306 11
 334 00f8 00BF     		nop
 335              	.L17:
 307:Src/system_stm32l4xx.c ****       }
 308:Src/system_stm32l4xx.c ****       pllvco = pllvco * ((RCC->PLLCFGR & RCC_PLLCFGR_PLLN) >> 8U);
 336              		.loc 1 308 30
 337 00fa 184B     		ldr	r3, .L19
 338 00fc DB68     		ldr	r3, [r3, #12]
 339              		.loc 1 308 60
 340 00fe 1B0A     		lsrs	r3, r3, #8
 341 0100 03F07F02 		and	r2, r3, #127
 342              		.loc 1 308 14
 343 0104 3B69     		ldr	r3, [r7, #16]
 344 0106 02FB03F3 		mul	r3, r2, r3
 345 010a 3B61     		str	r3, [r7, #16]
 309:Src/system_stm32l4xx.c ****       pllr = (((RCC->PLLCFGR & RCC_PLLCFGR_PLLR) >> 25U) + 1U) * 2U;
 346              		.loc 1 309 20
 347 010c 134B     		ldr	r3, .L19
 348 010e DB68     		ldr	r3, [r3, #12]
 349              		.loc 1 309 50
 350 0110 5B0E     		lsrs	r3, r3, #25
 351 0112 03F00303 		and	r3, r3, #3
 352              		.loc 1 309 64
 353 0116 0133     		adds	r3, r3, #1
 354              		.loc 1 309 12
 355 0118 5B00     		lsls	r3, r3, #1
 356 011a BB60     		str	r3, [r7, #8]
 310:Src/system_stm32l4xx.c ****       SystemCoreClock = pllvco/pllr;
 357              		.loc 1 310 31
 358 011c 3A69     		ldr	r2, [r7, #16]
 359 011e BB68     		ldr	r3, [r7, #8]
 360 0120 B2FBF3F3 		udiv	r3, r2, r3
 361              		.loc 1 310 23
 362 0124 0F4A     		ldr	r2, .L19+8
 363 0126 1360     		str	r3, [r2]
 311:Src/system_stm32l4xx.c ****       break;
 364              		.loc 1 311 7
 365 0128 03E0     		b	.L13
 366              	.L7:
 312:Src/system_stm32l4xx.c **** 
 313:Src/system_stm32l4xx.c ****     default:
 314:Src/system_stm32l4xx.c ****       SystemCoreClock = msirange;
 367              		.loc 1 314 23
 368 012a 0E4A     		ldr	r2, .L19+8
 369 012c 7B69     		ldr	r3, [r7, #20]
 370 012e 1360     		str	r3, [r2]
 315:Src/system_stm32l4xx.c ****       break;
 371              		.loc 1 315 7
 372 0130 00BF     		nop
 373              	.L13:
 316:Src/system_stm32l4xx.c ****   }
 317:Src/system_stm32l4xx.c ****   /* Compute HCLK clock frequency --------------------------------------------*/
 318:Src/system_stm32l4xx.c ****   /* Get HCLK prescaler */
 319:Src/system_stm32l4xx.c ****   tmp = AHBPrescTable[((RCC->CFGR & RCC_CFGR_HPRE) >> 4U)];
 374              		.loc 1 319 28
 375 0132 0A4B     		ldr	r3, .L19
 376 0134 9B68     		ldr	r3, [r3, #8]
ARM GAS  /tmp/ccNLNTop.s 			page 13


 377              		.loc 1 319 52
 378 0136 1B09     		lsrs	r3, r3, #4
 379 0138 03F00F03 		and	r3, r3, #15
 380              		.loc 1 319 22
 381 013c 0C4A     		ldr	r2, .L19+20
 382 013e D35C     		ldrb	r3, [r2, r3]	@ zero_extendqisi2
 383              		.loc 1 319 7
 384 0140 FB60     		str	r3, [r7, #12]
 320:Src/system_stm32l4xx.c ****   /* HCLK clock frequency */
 321:Src/system_stm32l4xx.c ****   SystemCoreClock >>= tmp;
 385              		.loc 1 321 19
 386 0142 084B     		ldr	r3, .L19+8
 387 0144 1A68     		ldr	r2, [r3]
 388 0146 FB68     		ldr	r3, [r7, #12]
 389 0148 22FA03F3 		lsr	r3, r2, r3
 390 014c 054A     		ldr	r2, .L19+8
 391 014e 1360     		str	r3, [r2]
 322:Src/system_stm32l4xx.c **** }
 392              		.loc 1 322 1
 393 0150 00BF     		nop
 394 0152 1C37     		adds	r7, r7, #28
 395              	.LCFI7:
 396              		.cfi_def_cfa_offset 4
 397 0154 BD46     		mov	sp, r7
 398              	.LCFI8:
 399              		.cfi_def_cfa_register 13
 400              		@ sp needed
 401 0156 5DF8047B 		ldr	r7, [sp], #4
 402              	.LCFI9:
 403              		.cfi_restore 7
 404              		.cfi_def_cfa_offset 0
 405 015a 7047     		bx	lr
 406              	.L20:
 407              		.align	2
 408              	.L19:
 409 015c 00100240 		.word	1073876992
 410 0160 00000000 		.word	MSIRangeTable
 411 0164 00000000 		.word	SystemCoreClock
 412 0168 0024F400 		.word	16000000
 413 016c 00127A00 		.word	8000000
 414 0170 00000000 		.word	AHBPrescTable
 415              		.cfi_endproc
 416              	.LFE131:
 418              		.text
 419              	.Letext0:
 420              		.file 2 "/home/hung/opt/xPacks/@gnu-mcu-eclipse/arm-none-eabi-gcc/8.2.1-1.7.1/.content/arm-none-ea
 421              		.file 3 "/home/hung/opt/xPacks/@gnu-mcu-eclipse/arm-none-eabi-gcc/8.2.1-1.7.1/.content/arm-none-ea
 422              		.file 4 "Drivers/CMSIS/Include/core_cm4.h"
 423              		.file 5 "Drivers/CMSIS/Device/ST/STM32L4xx/Include/system_stm32l4xx.h"
 424              		.file 6 "Drivers/CMSIS/Device/ST/STM32L4xx/Include/stm32l496xx.h"
 425              		.file 7 "Drivers/CMSIS/Device/ST/STM32L4xx/Include/stm32l4xx.h"
 426              		.file 8 "Drivers/STM32L4xx_HAL_Driver/Inc/stm32l4xx_hal_def.h"
 427              		.file 9 "Drivers/STM32L4xx_HAL_Driver/Inc/stm32l4xx_hal_flash.h"
 428              		.file 10 "Drivers/STM32L4xx_HAL_Driver/Inc/stm32l4xx_hal.h"
ARM GAS  /tmp/ccNLNTop.s 			page 14


DEFINED SYMBOLS
                            *ABS*:0000000000000000 system_stm32l4xx.c
     /tmp/ccNLNTop.s:22     .data.SystemCoreClock:0000000000000000 SystemCoreClock
     /tmp/ccNLNTop.s:19     .data.SystemCoreClock:0000000000000000 $d
     /tmp/ccNLNTop.s:29     .rodata.AHBPrescTable:0000000000000000 AHBPrescTable
     /tmp/ccNLNTop.s:26     .rodata.AHBPrescTable:0000000000000000 $d
     /tmp/ccNLNTop.s:51     .rodata.APBPrescTable:0000000000000000 APBPrescTable
     /tmp/ccNLNTop.s:48     .rodata.APBPrescTable:0000000000000000 $d
     /tmp/ccNLNTop.s:65     .rodata.MSIRangeTable:0000000000000000 MSIRangeTable
     /tmp/ccNLNTop.s:62     .rodata.MSIRangeTable:0000000000000000 $d
     /tmp/ccNLNTop.s:79     .text.SystemInit:0000000000000000 $t
     /tmp/ccNLNTop.s:87     .text.SystemInit:0000000000000000 SystemInit
     /tmp/ccNLNTop.s:161    .text.SystemInit:0000000000000064 $d
     /tmp/ccNLNTop.s:167    .text.SystemCoreClockUpdate:0000000000000000 $t
     /tmp/ccNLNTop.s:174    .text.SystemCoreClockUpdate:0000000000000000 SystemCoreClockUpdate
     /tmp/ccNLNTop.s:253    .text.SystemCoreClockUpdate:0000000000000064 $d
     /tmp/ccNLNTop.s:266    .text.SystemCoreClockUpdate:0000000000000098 $t
     /tmp/ccNLNTop.s:409    .text.SystemCoreClockUpdate:000000000000015c $d

NO UNDEFINED SYMBOLS
